#
# There is insufficient memory for the Java Runtime Environment to continue.
# Native memory allocation (mmap) failed to map 205520896 bytes. Error detail: G1 virtual space
# Possible reasons:
#   The system is out of physical RAM or swap space
#   This process is running with CompressedOops enabled, and the Java Heap may be blocking the growth of the native heap
# Possible solutions:
#   Reduce memory load on the system
#   Increase physical memory or swap space
#   Check if swap backing store is full
#   Decrease Java heap size (-Xmx/-Xms)
#   Decrease number of Java threads
#   Decrease Java thread stack sizes (-Xss)
#   Set larger code cache with -XX:ReservedCodeCacheSize=
#   JVM is running with Zero Based Compressed Oops mode in which the Java heap is
#     placed in the first 32GB address space. The Java Heap base address is the
#     maximum limit for the native heap growth. Please use -XX:HeapBaseMinAddress
#     to set the Java Heap base and to place the Java Heap above 32GB virtual address.
# This output file may be truncated or incomplete.
#
#  Out of Memory Error (os_windows.cpp:3830), pid=26252, tid=24628
#
# JRE version: OpenJDK Runtime Environment JBR-17.0.14+1-1367.22-nomod (17.0.14+1) (build 17.0.14+1-b1367.22)
# Java VM: OpenJDK 64-Bit Server VM JBR-17.0.14+1-1367.22-nomod (17.0.14+1-b1367.22, mixed mode, sharing, tiered, compressed oops, compressed class ptrs, g1 gc, windows-amd64)
# No core dump will be written. Minidumps are not enabled by default on client versions of Windows
#

---------------  S U M M A R Y ------------

Command Line: -Dfile.encoding=IBM850 -Dmaven.multiModuleProjectDirectory=C:\Desktop\PIDEVDD\pidevv\pi25-01-2026 org.apache.maven.wrapper.MavenWrapperMain -Didea.version=2025.3.3 -Dmaven.ext.class.path=C:\Program Files\JetBrains\IntelliJ IDEA 2023.2.8\plugins\maven\lib\maven-event-listener.jar -Djansi.passthrough=true -Dstyle.color=always -Dmaven.repo.local=C:\Users\PROBOOK\.m2\repository javafx:run -f pom.xml

Host: 11th Gen Intel(R) Core(TM) i5-1135G7 @ 2.40GHz, 8 cores, 15G,  Windows 11 , 64 bit Build 26100 (10.0.26100.7920)
Time: Fri Mar  6 01:22:33 2026 Afr. centrale Ouest elapsed time: 6.854683 seconds (0d 0h 0m 6s)

---------------  T H R E A D  ---------------

Current thread (0x0000018c455ada20):  VMThread "VM Thread" [stack: 0x00000078c9400000,0x00000078c9500000] [id=24628]

Stack: [0x00000078c9400000,0x00000078c9500000]
Native frames: (J=compiled Java code, j=interpreted, Vv=VM code, C=native code)
V  [jvm.dll+0x68b969]  os::platform_print_native_stack+0xd9  (os_windows_x86.cpp:235)
V  [jvm.dll+0x84572a]  VMError::report+0xc6a  (vmError.cpp:868)
V  [jvm.dll+0x8473ae]  VMError::report_and_die+0x78e  (vmError.cpp:1766)
V  [jvm.dll+0x847a13]  VMError::report_and_die+0x43  (vmError.cpp:1552)
V  [jvm.dll+0x24a83f]  report_vm_out_of_memory+0x8f  (debug.cpp:321)
V  [jvm.dll+0x688629]  os::pd_commit_memory_or_exit+0xc9  (os_windows.cpp:3838)
V  [jvm.dll+0x67cf3a]  os::commit_memory_or_exit+0x2a  (os.cpp:1768)
V  [jvm.dll+0x30b83b]  G1PageBasedVirtualSpace::commit+0x19b  (g1PageBasedVirtualSpace.cpp:204)
V  [jvm.dll+0x312d26]  G1RegionsLargerThanCommitSizeMapper::commit_regions+0x96  (g1RegionToSpaceMapper.cpp:100)
V  [jvm.dll+0x3630fe]  HeapRegionManager::expand_any+0xee  (heapRegionManager.cpp:363)
V  [jvm.dll+0x36333f]  HeapRegionManager::expand_by+0x7f  (heapRegionManager.cpp:380)
V  [jvm.dll+0x2e18cc]  G1CollectedHeap::expand+0xbc  (g1CollectedHeap.cpp:1292)
V  [jvm.dll+0x2dfc8f]  G1CollectedHeap::do_collection_pause_at_safepoint_helper+0x8bf  (g1CollectedHeap.cpp:3094)
V  [jvm.dll+0x2df3bc]  G1CollectedHeap::do_collection_pause_at_safepoint+0x5c  (g1CollectedHeap.cpp:2898)
V  [jvm.dll+0x323a7b]  VM_G1CollectForAllocation::doit+0x6b  (g1VMOperations.cpp:147)
V  [jvm.dll+0x84c11d]  VM_Operation::evaluate+0xfd  (vmOperations.cpp:73)
V  [jvm.dll+0x84ce62]  VMThread::evaluate_operation+0xd2  (vmThread.cpp:269)
V  [jvm.dll+0x84d38f]  VMThread::inner_execute+0x1af  (vmThread.cpp:417)
V  [jvm.dll+0x84d774]  VMThread::loop+0x254  (vmThread.cpp:481)
V  [jvm.dll+0x84d840]  VMThread::run+0x70  (vmThread.cpp:167)
V  [jvm.dll+0x7f3a1c]  Thread::call_run+0x8c  (thread.cpp:405)
V  [jvm.dll+0x68a7c7]  thread_native_entry+0x77  (os_windows.cpp:551)
C  [ucrtbase.dll+0x37b0]
C  [KERNEL32.DLL+0x2e8d7]
C  [ntdll.dll+0x8c48c]

VM_Operation (0x00000078c8efad70): G1CollectForAllocation, mode: safepoint, requested by thread 0x0000018c26e66e00


---------------  P R O C E S S  ---------------

Threads class SMR info:
_java_thread_list=0x0000018c8b6f1650, length=14, elements={
0x0000018c26e66e00, 0x0000018c455b3700, 0x0000018c455b42c0, 0x0000018c455d19e0,
0x0000018c455d43b0, 0x0000018c455d6390, 0x0000018c455d6f60, 0x0000018c455d8f40,
0x0000018c455dd000, 0x0000018c455dda00, 0x0000018c45ae6730, 0x0000018c45aee150,
0x0000018c8b391540, 0x0000018c8b7df710
}

Java Threads: ( => current thread )
  0x0000018c26e66e00 JavaThread "main" [_thread_blocked, id=21056, stack(0x00000078c8e00000,0x00000078c8f00000)]
  0x0000018c455b3700 JavaThread "Reference Handler" daemon [_thread_blocked, id=32408, stack(0x00000078c9500000,0x00000078c9600000)]
  0x0000018c455b42c0 JavaThread "Finalizer" daemon [_thread_blocked, id=5108, stack(0x00000078c9600000,0x00000078c9700000)]
  0x0000018c455d19e0 JavaThread "Signal Dispatcher" daemon [_thread_blocked, id=31752, stack(0x00000078c9700000,0x00000078c9800000)]
  0x0000018c455d43b0 JavaThread "Attach Listener" daemon [_thread_blocked, id=7192, stack(0x00000078c9800000,0x00000078c9900000)]
  0x0000018c455d6390 JavaThread "Service Thread" daemon [_thread_blocked, id=33592, stack(0x00000078c9900000,0x00000078c9a00000)]
  0x0000018c455d6f60 JavaThread "Monitor Deflation Thread" daemon [_thread_blocked, id=29796, stack(0x00000078c9a00000,0x00000078c9b00000)]
  0x0000018c455d8f40 JavaThread "C2 CompilerThread0" daemon [_thread_blocked, id=28064, stack(0x00000078c9b00000,0x00000078c9c00000)]
  0x0000018c455dd000 JavaThread "C1 CompilerThread0" daemon [_thread_blocked, id=16516, stack(0x00000078c9c00000,0x00000078c9d00000)]
  0x0000018c455dda00 JavaThread "Sweeper thread" daemon [_thread_blocked, id=21784, stack(0x00000078c9d00000,0x00000078c9e00000)]
  0x0000018c45ae6730 JavaThread "Notification Thread" daemon [_thread_blocked, id=19288, stack(0x00000078c9e00000,0x00000078c9f00000)]
  0x0000018c45aee150 JavaThread "Common-Cleaner" daemon [_thread_blocked, id=12136, stack(0x00000078ca000000,0x00000078ca100000)]
  0x0000018c8b391540 JavaThread "C2 CompilerThread1" daemon [_thread_blocked, id=34012, stack(0x00000078ca100000,0x00000078ca200000)]
  0x0000018c8b7df710 JavaThread "C2 CompilerThread2" daemon [_thread_blocked, id=28316, stack(0x00000078ca200000,0x00000078ca300000)]

Other Threads:
=>0x0000018c455ada20 VMThread "VM Thread" [stack: 0x00000078c9400000,0x00000078c9500000] [id=24628]
  0x0000018c45ae8c20 WatcherThread [stack: 0x00000078c9f00000,0x00000078ca000000] [id=29252]
  0x0000018c26ed6f90 GCTaskThread "GC Thread#0" [stack: 0x00000078c8f00000,0x00000078c9000000] [id=8320]
  0x0000018c8b735290 GCTaskThread "GC Thread#1" [stack: 0x00000078ca300000,0x00000078ca400000] [id=21680]
  0x0000018c8b6d26f0 GCTaskThread "GC Thread#2" [stack: 0x00000078ca400000,0x00000078ca500000] [id=27076]
  0x0000018c8b6d29b0 GCTaskThread "GC Thread#3" [stack: 0x00000078ca500000,0x00000078ca600000] [id=25544]
  0x0000018c8b68bf80 GCTaskThread "GC Thread#4" [stack: 0x00000078ca600000,0x00000078ca700000] [id=35668]
  0x0000018c8b678800 GCTaskThread "GC Thread#5" [stack: 0x00000078ca700000,0x00000078ca800000] [id=16044]
  0x0000018c8ba87340 GCTaskThread "GC Thread#6" [stack: 0x00000078ca800000,0x00000078ca900000] [id=33344]
  0x0000018c8ba87600 GCTaskThread "GC Thread#7" [stack: 0x00000078ca900000,0x00000078caa00000] [id=20348]
  0x0000018c26ee79f0 ConcurrentGCThread "G1 Main Marker" [stack: 0x00000078c9000000,0x00000078c9100000] [id=14664]
  0x0000018c26ee8410 ConcurrentGCThread "G1 Conc#0" [stack: 0x00000078c9100000,0x00000078c9200000] [id=29912]
  0x0000018c8d5e5780 ConcurrentGCThread "G1 Conc#1" [stack: 0x00000078caa00000,0x00000078cab00000] [id=27872]
  0x0000018c26f1d760 ConcurrentGCThread "G1 Refine#0" [stack: 0x00000078c9200000,0x00000078c9300000] [id=26708]
  0x0000018c45cd4aa0 ConcurrentGCThread "G1 Refine#1" [stack: 0x00000078cab00000,0x00000078cac00000] [id=35752]
  0x0000018c8ecf0d80 ConcurrentGCThread "G1 Refine#2" [stack: 0x00000078cac00000,0x00000078cad00000] [id=28096]
  0x0000018c8ecf1650 ConcurrentGCThread "G1 Refine#3" [stack: 0x00000078cad00000,0x00000078cae00000] [id=20376]
  0x0000018c8ecf07a0 ConcurrentGCThread "G1 Refine#4" [stack: 0x00000078cae00000,0x00000078caf00000] [id=34124]
  0x0000018c26f1e030 ConcurrentGCThread "G1 Service" [stack: 0x00000078c9300000,0x00000078c9400000] [id=20816]

Threads with active compile tasks:
C2 CompilerThread0     7032 9626       4       com.sun.tools.javac.code.Symbol$MethodSymbol::implementation (57 bytes)
C2 CompilerThread1     7032 9894       4       com.sun.tools.javac.jvm.PoolWriter$WriteablePoolHelper::writeConstant (863 bytes)
C2 CompilerThread2     7032 9533       4       com.sun.tools.javac.code.Symbol$MethodSymbol::implementation (11 bytes)

VM state: at safepoint (normal execution)

VM Mutex/Monitor currently owned by a thread:  ([mutex/lock_event])
[0x0000018c26e634c0] Threads_lock - owner thread: 0x0000018c455ada20
[0x0000018c26e64360] Heap_lock - owner thread: 0x0000018c26e66e00

Heap address: 0x0000000704e00000, size: 4018 MB, Compressed Oops mode: Zero based, Oop shift amount: 3

CDS archive(s) mapped at: [0x0000018c46000000-0x0000018c46c00000-0x0000018c46c00000), size 12582912, SharedBaseAddress: 0x0000018c46000000, ArchiveRelocationMode: 1.
Compressed class space mapped at: 0x0000018c47000000-0x0000018c87000000, reserved size: 1073741824
Narrow klass base: 0x0000018c46000000, Narrow klass shift: 0, Narrow klass range: 0x100000000

GC Precious Log:
 CPUs: 8 total, 8 available
 Memory: 16064M
 Large Page Support: Disabled
 NUMA Support: Disabled
 Compressed Oops: Enabled (Zero based)
 Heap Region Size: 2M
 Heap Min Capacity: 8M
 Heap Initial Capacity: 252M
 Heap Max Capacity: 4018M
 Pre-touch: Disabled
 Parallel Workers: 8
 Concurrent Workers: 2
 Concurrent Refinement Workers: 8
 Periodic GC: Disabled

Heap:
 garbage-first heap   total 258048K, used 107430K [0x0000000704e00000, 0x0000000800000000)
  region size 2048K, 4 young (8192K), 4 survivors (8192K)
 Metaspace       used 31305K, committed 31680K, reserved 1114112K
  class space    used 3409K, committed 3584K, reserved 1048576K

Heap Regions: E=young(eden), S=young(survivor), O=old, HS=humongous(starts), HC=humongous(continues), CS=collection set, F=free, OA=open archive, CA=closed archive, TAMS=top-at-mark-start (previous, next)
|   0|0x0000000704e00000, 0x0000000705000000, 0x0000000705000000|100%| O|  |TAMS 0x0000000705000000, 0x0000000705000000| Untracked 
|   1|0x0000000705000000, 0x0000000705200000, 0x0000000705200000|100%| O|  |TAMS 0x0000000705185200, 0x0000000705200000| Untracked 
|   2|0x0000000705200000, 0x0000000705400000, 0x0000000705400000|100%| O|  |TAMS 0x0000000705200000, 0x0000000705400000| Untracked 
|   3|0x0000000705400000, 0x0000000705600000, 0x0000000705600000|100%|HS|  |TAMS 0x0000000705600000, 0x0000000705600000| Complete 
|   4|0x0000000705600000, 0x0000000705800000, 0x0000000705800000|100%| O|  |TAMS 0x0000000705600000, 0x0000000705800000| Untracked 
|   5|0x0000000705800000, 0x0000000705a00000, 0x0000000705a00000|100%| O|  |TAMS 0x0000000705800000, 0x0000000705a00000| Untracked 
|   6|0x0000000705a00000, 0x0000000705c00000, 0x0000000705c00000|100%| O|  |TAMS 0x0000000705a00000, 0x0000000705c00000| Untracked 
|   7|0x0000000705c00000, 0x0000000705e00000, 0x0000000705e00000|100%| O|  |TAMS 0x0000000705c00000, 0x0000000705e00000| Untracked 
|   8|0x0000000705e00000, 0x0000000706000000, 0x0000000706000000|100%| O|  |TAMS 0x0000000705e00000, 0x0000000706000000| Untracked 
|   9|0x0000000706000000, 0x0000000706200000, 0x0000000706200000|100%| O|  |TAMS 0x0000000706000000, 0x0000000706200000| Untracked 
|  10|0x0000000706200000, 0x0000000706400000, 0x0000000706400000|100%| O|  |TAMS 0x0000000706200000, 0x0000000706400000| Untracked 
|  11|0x0000000706400000, 0x0000000706600000, 0x0000000706600000|100%| O|  |TAMS 0x0000000706400000, 0x0000000706600000| Untracked 
|  12|0x0000000706600000, 0x0000000706800000, 0x0000000706800000|100%| O|  |TAMS 0x0000000706600000, 0x0000000706800000| Untracked 
|  13|0x0000000706800000, 0x0000000706a00000, 0x0000000706a00000|100%| O|  |TAMS 0x0000000706800000, 0x0000000706a00000| Untracked 
|  14|0x0000000706a00000, 0x0000000706c00000, 0x0000000706c00000|100%| O|  |TAMS 0x0000000706a00000, 0x0000000706c00000| Untracked 
|  15|0x0000000706c00000, 0x0000000706e00000, 0x0000000706e00000|100%| O|  |TAMS 0x0000000706c00000, 0x0000000706e00000| Untracked 
|  16|0x0000000706e00000, 0x0000000707000000, 0x0000000707000000|100%| O|  |TAMS 0x0000000706e00000, 0x0000000707000000| Untracked 
|  17|0x0000000707000000, 0x0000000707200000, 0x0000000707200000|100%| O|  |TAMS 0x0000000707000000, 0x0000000707200000| Untracked 
|  18|0x0000000707200000, 0x0000000707400000, 0x0000000707400000|100%| O|  |TAMS 0x0000000707200000, 0x0000000707400000| Untracked 
|  19|0x0000000707400000, 0x0000000707600000, 0x0000000707600000|100%| O|  |TAMS 0x0000000707400000, 0x0000000707600000| Untracked 
|  20|0x0000000707600000, 0x0000000707800000, 0x0000000707800000|100%| O|  |TAMS 0x0000000707600000, 0x0000000707800000| Untracked 
|  21|0x0000000707800000, 0x0000000707a00000, 0x0000000707a00000|100%| O|  |TAMS 0x0000000707800000, 0x0000000707a00000| Untracked 
|  22|0x0000000707a00000, 0x0000000707c00000, 0x0000000707c00000|100%| O|  |TAMS 0x0000000707a00000, 0x0000000707c00000| Untracked 
|  23|0x0000000707c00000, 0x0000000707e00000, 0x0000000707e00000|100%| O|  |TAMS 0x0000000707c00000, 0x0000000707e00000| Untracked 
|  24|0x0000000707e00000, 0x0000000708000000, 0x0000000708000000|100%| O|  |TAMS 0x0000000707e00000, 0x0000000707e00000| Untracked 
|  25|0x0000000708000000, 0x0000000708200000, 0x0000000708200000|100%| O|  |TAMS 0x0000000708000000, 0x0000000708200000| Untracked 
|  26|0x0000000708200000, 0x0000000708400000, 0x0000000708400000|100%| O|  |TAMS 0x0000000708200000, 0x0000000708400000| Untracked 
|  27|0x0000000708400000, 0x0000000708600000, 0x0000000708600000|100%| O|  |TAMS 0x0000000708400000, 0x0000000708600000| Untracked 
|  28|0x0000000708600000, 0x0000000708800000, 0x0000000708800000|100%| O|  |TAMS 0x0000000708600000, 0x0000000708800000| Untracked 
|  29|0x0000000708800000, 0x0000000708a00000, 0x0000000708a00000|100%| O|  |TAMS 0x0000000708800000, 0x0000000708a00000| Untracked 
|  30|0x0000000708a00000, 0x0000000708c00000, 0x0000000708c00000|100%| O|  |TAMS 0x0000000708a00000, 0x0000000708c00000| Untracked 
|  31|0x0000000708c00000, 0x0000000708e00000, 0x0000000708e00000|100%| O|  |TAMS 0x0000000708c00000, 0x0000000708e00000| Untracked 
|  32|0x0000000708e00000, 0x0000000709000000, 0x0000000709000000|100%| O|  |TAMS 0x0000000708e00000, 0x0000000709000000| Untracked 
|  33|0x0000000709000000, 0x0000000709200000, 0x0000000709200000|100%| O|  |TAMS 0x0000000709000000, 0x0000000709200000| Untracked 
|  34|0x0000000709200000, 0x0000000709400000, 0x0000000709400000|100%| O|  |TAMS 0x0000000709200000, 0x0000000709400000| Untracked 
|  35|0x0000000709400000, 0x0000000709600000, 0x0000000709600000|100%| O|  |TAMS 0x0000000709400000, 0x0000000709600000| Untracked 
|  36|0x0000000709600000, 0x0000000709800000, 0x0000000709800000|100%| O|  |TAMS 0x0000000709600000, 0x0000000709800000| Untracked 
|  37|0x0000000709800000, 0x0000000709a00000, 0x0000000709a00000|100%| O|  |TAMS 0x0000000709800000, 0x00000007098d9600| Untracked 
|  38|0x0000000709a00000, 0x0000000709c00000, 0x0000000709c00000|100%| O|  |TAMS 0x0000000709a00000, 0x0000000709a00000| Untracked 
|  39|0x0000000709c00000, 0x0000000709e00000, 0x0000000709e00000|100%| O|  |TAMS 0x0000000709c00000, 0x0000000709c00000| Untracked 
|  40|0x0000000709e00000, 0x000000070a000000, 0x000000070a000000|100%| O|  |TAMS 0x0000000709e00000, 0x0000000709e00000| Untracked 
|  41|0x000000070a000000, 0x000000070a200000, 0x000000070a200000|100%| O|  |TAMS 0x000000070a000000, 0x000000070a000000| Untracked 
|  42|0x000000070a200000, 0x000000070a400000, 0x000000070a400000|100%| O|  |TAMS 0x000000070a200000, 0x000000070a200000| Untracked 
|  43|0x000000070a400000, 0x000000070a600000, 0x000000070a600000|100%|HS|  |TAMS 0x000000070a400000, 0x000000070a400000| Complete 
|  44|0x000000070a600000, 0x000000070a800000, 0x000000070a800000|100%|HC|  |TAMS 0x000000070a600000, 0x000000070a600000| Complete 
|  45|0x000000070a800000, 0x000000070aa00000, 0x000000070aa00000|100%| O|  |TAMS 0x000000070a800000, 0x000000070a800000| Untracked 
|  46|0x000000070aa00000, 0x000000070ac00000, 0x000000070ac00000|100%| O|  |TAMS 0x000000070aa00000, 0x000000070aa00000| Untracked 
|  47|0x000000070ac00000, 0x000000070ae00000, 0x000000070ae00000|100%| O|  |TAMS 0x000000070ac00000, 0x000000070ac00000| Untracked 
|  48|0x000000070ae00000, 0x000000070af32200, 0x000000070b000000| 59%| O|  |TAMS 0x000000070ae00000, 0x000000070ae00000| Untracked 
|  49|0x000000070b000000, 0x000000070b000000, 0x000000070b200000|  0%| F|  |TAMS 0x000000070b000000, 0x000000070b000000| Untracked 
|  50|0x000000070b200000, 0x000000070b200000, 0x000000070b400000|  0%| F|  |TAMS 0x000000070b200000, 0x000000070b200000| Untracked 
|  51|0x000000070b400000, 0x000000070b400000, 0x000000070b600000|  0%| F|  |TAMS 0x000000070b400000, 0x000000070b400000| Untracked 
|  52|0x000000070b600000, 0x000000070b600000, 0x000000070b800000|  0%| F|  |TAMS 0x000000070b600000, 0x000000070b600000| Untracked 
|  53|0x000000070b800000, 0x000000070b800000, 0x000000070ba00000|  0%| F|  |TAMS 0x000000070b800000, 0x000000070b800000| Untracked 
|  54|0x000000070ba00000, 0x000000070ba00000, 0x000000070bc00000|  0%| F|  |TAMS 0x000000070ba00000, 0x000000070ba00000| Untracked 
|  55|0x000000070bc00000, 0x000000070bc00000, 0x000000070be00000|  0%| F|  |TAMS 0x000000070bc00000, 0x000000070bc00000| Untracked 
|  56|0x000000070be00000, 0x000000070be00000, 0x000000070c000000|  0%| F|  |TAMS 0x000000070be00000, 0x000000070be00000| Untracked 
|  57|0x000000070c000000, 0x000000070c000000, 0x000000070c200000|  0%| F|  |TAMS 0x000000070c000000, 0x000000070c000000| Untracked 
|  58|0x000000070c200000, 0x000000070c200000, 0x000000070c400000|  0%| F|  |TAMS 0x000000070c200000, 0x000000070c200000| Untracked 
|  59|0x000000070c400000, 0x000000070c400000, 0x000000070c600000|  0%| F|  |TAMS 0x000000070c400000, 0x000000070c400000| Untracked 
|  60|0x000000070c600000, 0x000000070c600000, 0x000000070c800000|  0%| F|  |TAMS 0x000000070c600000, 0x000000070c600000| Untracked 
|  61|0x000000070c800000, 0x000000070c800000, 0x000000070ca00000|  0%| F|  |TAMS 0x000000070c800000, 0x000000070c800000| Untracked 
|  62|0x000000070ca00000, 0x000000070ca00000, 0x000000070cc00000|  0%| F|  |TAMS 0x000000070ca00000, 0x000000070ca00000| Untracked 
|  63|0x000000070cc00000, 0x000000070cc00000, 0x000000070ce00000|  0%| F|  |TAMS 0x000000070cc00000, 0x000000070cc00000| Untracked 
|  64|0x000000070ce00000, 0x000000070ce00000, 0x000000070d000000|  0%| F|  |TAMS 0x000000070ce00000, 0x000000070ce00000| Untracked 
|  65|0x000000070d000000, 0x000000070d000000, 0x000000070d200000|  0%| F|  |TAMS 0x000000070d000000, 0x000000070d000000| Untracked 
|  66|0x000000070d200000, 0x000000070d200000, 0x000000070d400000|  0%| F|  |TAMS 0x000000070d200000, 0x000000070d200000| Untracked 
|  67|0x000000070d400000, 0x000000070d400000, 0x000000070d600000|  0%| F|  |TAMS 0x000000070d400000, 0x000000070d400000| Untracked 
|  68|0x000000070d600000, 0x000000070d600000, 0x000000070d800000|  0%| F|  |TAMS 0x000000070d600000, 0x000000070d600000| Untracked 
|  69|0x000000070d800000, 0x000000070d800000, 0x000000070da00000|  0%| F|  |TAMS 0x000000070d800000, 0x000000070d800000| Untracked 
|  70|0x000000070da00000, 0x000000070da00000, 0x000000070dc00000|  0%| F|  |TAMS 0x000000070da00000, 0x000000070da00000| Untracked 
|  71|0x000000070dc00000, 0x000000070dc00000, 0x000000070de00000|  0%| F|  |TAMS 0x000000070dc00000, 0x000000070dc00000| Untracked 
|  72|0x000000070de00000, 0x000000070de00000, 0x000000070e000000|  0%| F|  |TAMS 0x000000070de00000, 0x000000070de00000| Untracked 
|  73|0x000000070e000000, 0x000000070e1b77e0, 0x000000070e200000| 85%| S|CS|TAMS 0x000000070e000000, 0x000000070e000000| Complete 
|  74|0x000000070e200000, 0x000000070e400000, 0x000000070e400000|100%| S|CS|TAMS 0x000000070e200000, 0x000000070e200000| Complete 
|  75|0x000000070e400000, 0x000000070e600000, 0x000000070e600000|100%| S|CS|TAMS 0x000000070e400000, 0x000000070e400000| Complete 
|  76|0x000000070e600000, 0x000000070e800000, 0x000000070e800000|100%| S|CS|TAMS 0x000000070e600000, 0x000000070e600000| Complete 
|  77|0x000000070e800000, 0x000000070e800000, 0x000000070ea00000|  0%| F|  |TAMS 0x000000070e800000, 0x000000070e800000| Untracked 
|  78|0x000000070ea00000, 0x000000070ea00000, 0x000000070ec00000|  0%| F|  |TAMS 0x000000070ea00000, 0x000000070ea00000| Untracked 
|  79|0x000000070ec00000, 0x000000070ec00000, 0x000000070ee00000|  0%| F|  |TAMS 0x000000070ec00000, 0x000000070ec00000| Untracked 
|  80|0x000000070ee00000, 0x000000070ee00000, 0x000000070f000000|  0%| F|  |TAMS 0x000000070ee00000, 0x000000070ee00000| Untracked 
|  81|0x000000070f000000, 0x000000070f000000, 0x000000070f200000|  0%| F|  |TAMS 0x000000070f000000, 0x000000070f000000| Untracked 
|  82|0x000000070f200000, 0x000000070f200000, 0x000000070f400000|  0%| F|  |TAMS 0x000000070f200000, 0x000000070f200000| Untracked 
|  83|0x000000070f400000, 0x000000070f400000, 0x000000070f600000|  0%| F|  |TAMS 0x000000070f400000, 0x000000070f400000| Untracked 
|  84|0x000000070f600000, 0x000000070f600000, 0x000000070f800000|  0%| F|  |TAMS 0x000000070f600000, 0x000000070f600000| Untracked 
|  85|0x000000070f800000, 0x000000070f800000, 0x000000070fa00000|  0%| F|  |TAMS 0x000000070f800000, 0x000000070f800000| Untracked 
|  86|0x000000070fa00000, 0x000000070fa00000, 0x000000070fc00000|  0%| F|  |TAMS 0x000000070fa00000, 0x000000070fa00000| Untracked 
|  87|0x000000070fc00000, 0x000000070fc00000, 0x000000070fe00000|  0%| F|  |TAMS 0x000000070fc00000, 0x000000070fc00000| Untracked 
|  88|0x000000070fe00000, 0x000000070fe00000, 0x0000000710000000|  0%| F|  |TAMS 0x000000070fe00000, 0x000000070fe00000| Untracked 
|  89|0x0000000710000000, 0x0000000710000000, 0x0000000710200000|  0%| F|  |TAMS 0x0000000710000000, 0x0000000710000000| Untracked 
|  90|0x0000000710200000, 0x0000000710200000, 0x0000000710400000|  0%| F|  |TAMS 0x0000000710200000, 0x0000000710200000| Untracked 
|  91|0x0000000710400000, 0x0000000710400000, 0x0000000710600000|  0%| F|  |TAMS 0x0000000710400000, 0x0000000710400000| Untracked 
|  92|0x0000000710600000, 0x0000000710600000, 0x0000000710800000|  0%| F|  |TAMS 0x0000000710600000, 0x0000000710600000| Untracked 
|  93|0x0000000710800000, 0x0000000710800000, 0x0000000710a00000|  0%| F|  |TAMS 0x0000000710800000, 0x0000000710800000| Untracked 
|  94|0x0000000710a00000, 0x0000000710a00000, 0x0000000710c00000|  0%| F|  |TAMS 0x0000000710a00000, 0x0000000710a00000| Untracked 
|  95|0x0000000710c00000, 0x0000000710c00000, 0x0000000710e00000|  0%| F|  |TAMS 0x0000000710c00000, 0x0000000710c00000| Untracked 
|  96|0x0000000710e00000, 0x0000000710e00000, 0x0000000711000000|  0%| F|  |TAMS 0x0000000710e00000, 0x0000000710e00000| Untracked 
|  97|0x0000000711000000, 0x0000000711000000, 0x0000000711200000|  0%| F|  |TAMS 0x0000000711000000, 0x0000000711000000| Untracked 
|  98|0x0000000711200000, 0x0000000711200000, 0x0000000711400000|  0%| F|  |TAMS 0x0000000711200000, 0x0000000711200000| Untracked 
|  99|0x0000000711400000, 0x0000000711400000, 0x0000000711600000|  0%| F|  |TAMS 0x0000000711400000, 0x0000000711400000| Untracked 
| 100|0x0000000711600000, 0x0000000711600000, 0x0000000711800000|  0%| F|  |TAMS 0x0000000711600000, 0x0000000711600000| Untracked 
| 101|0x0000000711800000, 0x0000000711800000, 0x0000000711a00000|  0%| F|  |TAMS 0x0000000711800000, 0x0000000711800000| Untracked 
| 102|0x0000000711a00000, 0x0000000711a00000, 0x0000000711c00000|  0%| F|  |TAMS 0x0000000711a00000, 0x0000000711a00000| Untracked 
| 103|0x0000000711c00000, 0x0000000711c00000, 0x0000000711e00000|  0%| F|  |TAMS 0x0000000711c00000, 0x0000000711c00000| Untracked 
| 104|0x0000000711e00000, 0x0000000711e00000, 0x0000000712000000|  0%| F|  |TAMS 0x0000000711e00000, 0x0000000711e00000| Untracked 
| 105|0x0000000712000000, 0x0000000712000000, 0x0000000712200000|  0%| F|  |TAMS 0x0000000712000000, 0x0000000712000000| Untracked 
| 106|0x0000000712200000, 0x0000000712200000, 0x0000000712400000|  0%| F|  |TAMS 0x0000000712200000, 0x0000000712200000| Untracked 
| 107|0x0000000712400000, 0x0000000712400000, 0x0000000712600000|  0%| F|  |TAMS 0x0000000712400000, 0x0000000712400000| Untracked 
| 108|0x0000000712600000, 0x0000000712600000, 0x0000000712800000|  0%| F|  |TAMS 0x0000000712600000, 0x0000000712600000| Untracked 
| 109|0x0000000712800000, 0x0000000712800000, 0x0000000712a00000|  0%| F|  |TAMS 0x0000000712800000, 0x0000000712800000| Untracked 
| 110|0x0000000712a00000, 0x0000000712a00000, 0x0000000712c00000|  0%| F|  |TAMS 0x0000000712a00000, 0x0000000712a00000| Untracked 
| 111|0x0000000712c00000, 0x0000000712c00000, 0x0000000712e00000|  0%| F|  |TAMS 0x0000000712c00000, 0x0000000712c00000| Untracked 
| 112|0x0000000712e00000, 0x0000000712e00000, 0x0000000713000000|  0%| F|  |TAMS 0x0000000712e00000, 0x0000000712e00000| Untracked 
| 113|0x0000000713000000, 0x0000000713000000, 0x0000000713200000|  0%| F|  |TAMS 0x0000000713000000, 0x0000000713000000| Untracked 
| 114|0x0000000713200000, 0x0000000713200000, 0x0000000713400000|  0%| F|  |TAMS 0x0000000713200000, 0x0000000713200000| Untracked 
| 115|0x0000000713400000, 0x0000000713400000, 0x0000000713600000|  0%| F|  |TAMS 0x0000000713400000, 0x0000000713400000| Untracked 
| 116|0x0000000713600000, 0x0000000713600000, 0x0000000713800000|  0%| F|  |TAMS 0x0000000713600000, 0x0000000713600000| Untracked 
| 117|0x0000000713800000, 0x0000000713800000, 0x0000000713a00000|  0%| F|  |TAMS 0x0000000713800000, 0x0000000713800000| Untracked 
| 118|0x0000000713a00000, 0x0000000713a00000, 0x0000000713c00000|  0%| F|  |TAMS 0x0000000713a00000, 0x0000000713a00000| Untracked 
| 119|0x0000000713c00000, 0x0000000713c00000, 0x0000000713e00000|  0%| F|  |TAMS 0x0000000713c00000, 0x0000000713c00000| Untracked 
| 120|0x0000000713e00000, 0x0000000713e00000, 0x0000000714000000|  0%| F|  |TAMS 0x0000000713e00000, 0x0000000713e00000| Untracked 
| 121|0x0000000714000000, 0x0000000714000000, 0x0000000714200000|  0%| F|  |TAMS 0x0000000714000000, 0x0000000714000000| Untracked 
| 122|0x0000000714200000, 0x0000000714200000, 0x0000000714400000|  0%| F|  |TAMS 0x0000000714200000, 0x0000000714200000| Untracked 
| 123|0x0000000714400000, 0x0000000714400000, 0x0000000714600000|  0%| F|  |TAMS 0x0000000714400000, 0x0000000714400000| Untracked 
| 124|0x0000000714600000, 0x0000000714600000, 0x0000000714800000|  0%| F|  |TAMS 0x0000000714600000, 0x0000000714600000| Untracked 
| 125|0x0000000714800000, 0x0000000714800000, 0x0000000714a00000|  0%| F|  |TAMS 0x0000000714800000, 0x0000000714800000| Untracked 

Card table byte_map: [0x0000018c3a160000,0x0000018c3a940000] _byte_map_base: 0x0000018c36939000

Marking Bits (Prev, Next): (CMBitMap*) 0x0000018c26ed75f0, (CMBitMap*) 0x0000018c26ed75b0
 Prev Bits: [0x0000018c3eff0000, 0x0000018c42eb8000)
 Next Bits: [0x0000018c3b120000, 0x0000018c3efe8000)

Polling page: 0x0000018c251e0000

Metaspace:

Usage:
  Non-class:     27.24 MB used.
      Class:      3.33 MB used.
       Both:     30.57 MB used.

Virtual space:
  Non-class space:       64.00 MB reserved,      27.44 MB ( 43%) committed,  1 nodes.
      Class space:        1.00 GB reserved,       3.50 MB ( <1%) committed,  1 nodes.
             Both:        1.06 GB reserved,      30.94 MB (  3%) committed. 

Chunk freelists:
   Non-Class:  3.72 MB
       Class:  12.48 MB
        Both:  16.20 MB

MaxMetaspaceSize: unlimited
CompressedClassSpaceSize: 1.00 GB
Initial GC threshold: 21.00 MB
Current GC threshold: 35.44 MB
CDS: on
MetaspaceReclaimPolicy: balanced
 - commit_granule_bytes: 65536.
 - commit_granule_words: 8192.
 - virtual_space_node_default_size: 8388608.
 - enlarge_chunks_in_place: 1.
 - new_chunks_are_fully_committed: 0.
 - uncommit_free_chunks: 1.
 - use_allocation_guard: 0.
 - handle_deallocations: 1.


Internal statistics:

num_allocs_failed_limit: 3.
num_arena_births: 214.
num_arena_deaths: 0.
num_vsnodes_births: 2.
num_vsnodes_deaths: 0.
num_space_committed: 495.
num_space_uncommitted: 0.
num_chunks_returned_to_freelist: 3.
num_chunks_taken_from_freelist: 1292.
num_chunk_merges: 0.
num_chunk_splits: 892.
num_chunks_enlarged: 701.
num_inconsistent_stats: 0.

CodeHeap 'non-profiled nmethods': size=120000Kb used=5465Kb max_used=5465Kb free=114534Kb
 bounds [0x0000018c32120000, 0x0000018c32680000, 0x0000018c39650000]
CodeHeap 'profiled nmethods': size=120000Kb used=17469Kb max_used=17469Kb free=102530Kb
 bounds [0x0000018c2a650000, 0x0000018c2b760000, 0x0000018c31b80000]
CodeHeap 'non-nmethods': size=5760Kb used=1230Kb max_used=1309Kb free=4529Kb
 bounds [0x0000018c31b80000, 0x0000018c31df0000, 0x0000018c32120000]
 total_blobs=8779 nmethods=8267 adapters=423
 compilation: enabled
              stopped_count=0, restarted_count=0
 full_count=0

Compilation events (20 events):
Event: 6.829 Thread 0x0000018c455dd000 10008       2       com.sun.tools.javac.comp.Check::lambda$checkType$0 (21 bytes)
Event: 6.829 Thread 0x0000018c455dd000 nmethod 10008 0x0000018c2b755790 code [0x0000018c2b755960, 0x0000018c2b755bc8]
Event: 6.833 Thread 0x0000018c455dd000 10009   !   2       com.sun.tools.javac.comp.Flow$AssignAnalyzer::visitClassDef (585 bytes)
Event: 6.834 Thread 0x0000018c455dd000 nmethod 10009 0x0000018c2b755d90 code [0x0000018c2b7560e0, 0x0000018c2b7577c8]
Event: 6.834 Thread 0x0000018c455dd000 10010       2       com.sun.tools.javac.tree.TreeScanner::visitForLoop (33 bytes)
Event: 6.834 Thread 0x0000018c455dd000 nmethod 10010 0x0000018c2b758710 code [0x0000018c2b7588e0, 0x0000018c2b758ab8]
Event: 6.836 Thread 0x0000018c455dd000 10011       2       com.sun.tools.javac.comp.Lower::visitUnary (254 bytes)
Event: 6.836 Thread 0x0000018c455dd000 nmethod 10011 0x0000018c2b758c10 code [0x0000018c2b758ec0, 0x0000018c2b759a38]
Event: 6.836 Thread 0x0000018c455dd000 10012       3       com.sun.tools.javac.code.Types$HashCodeVisitor::visitMethodType (76 bytes)
Event: 6.837 Thread 0x0000018c455dd000 nmethod 10012 0x0000018c2b759f90 code [0x0000018c2b75a1c0, 0x0000018c2b75ac38]
Event: 6.838 Thread 0x0000018c455dd000 10013       2       com.sun.tools.javac.jvm.Gen::visitNewArray (194 bytes)
Event: 6.839 Thread 0x0000018c455dd000 nmethod 10013 0x0000018c2b75b010 code [0x0000018c2b75b2e0, 0x0000018c2b75bc88]
Event: 6.839 Thread 0x0000018c455dd000 10014       2       com.sun.tools.javac.jvm.Gen::makeNewArray (129 bytes)
Event: 6.839 Thread 0x0000018c455dd000 nmethod 10014 0x0000018c2b75c290 code [0x0000018c2b75c520, 0x0000018c2b75cbe8]
Event: 6.839 Thread 0x0000018c455dd000 10015       2       com.sun.tools.javac.jvm.Gen::visitUnary (506 bytes)
Event: 6.840 Thread 0x0000018c455dd000 nmethod 10015 0x0000018c2b75d190 code [0x0000018c2b75d560, 0x0000018c2b75e7a8]
Event: 6.843 Thread 0x0000018c455dd000 10016       2       com.sun.tools.javac.comp.DeferredAttr$DeferredType::speculativeType (28 bytes)
Event: 6.843 Thread 0x0000018c455dd000 nmethod 10016 0x0000018c2b75ef90 code [0x0000018c2b75f140, 0x0000018c2b75f2c8]
Event: 6.843 Thread 0x0000018c455dd000 10017       2       com.sun.tools.javac.comp.DeferredAttr$DeferredType$SpeculativeCache::get (65 bytes)
Event: 6.843 Thread 0x0000018c455dd000 nmethod 10017 0x0000018c2b75f410 code [0x0000018c2b75f600, 0x0000018c2b75fab8]

GC Heap History (20 events):
Event: 3.360 GC heap after
{Heap after GC invocations=7 (full 0):
 garbage-first heap   total 90112K, used 30371K [0x0000000704e00000, 0x0000000800000000)
  region size 2048K, 4 young (8192K), 4 survivors (8192K)
 Metaspace       used 26124K, committed 26432K, reserved 1114112K
  class space    used 2978K, committed 3136K, reserved 1048576K
}
Event: 3.373 GC heap before
{Heap before GC invocations=7 (full 0):
 garbage-first heap   total 90112K, used 32419K [0x0000000704e00000, 0x0000000800000000)
  region size 2048K, 5 young (10240K), 4 survivors (8192K)
 Metaspace       used 26126K, committed 26432K, reserved 1114112K
  class space    used 2978K, committed 3136K, reserved 1048576K
}
Event: 3.378 GC heap after
{Heap after GC invocations=8 (full 0):
 garbage-first heap   total 90112K, used 32080K [0x0000000704e00000, 0x0000000800000000)
  region size 2048K, 1 young (2048K), 1 survivors (2048K)
 Metaspace       used 26126K, committed 26432K, reserved 1114112K
  class space    used 2978K, committed 3136K, reserved 1048576K
}
Event: 3.539 GC heap before
{Heap before GC invocations=8 (full 0):
 garbage-first heap   total 90112K, used 60752K [0x0000000704e00000, 0x0000000800000000)
  region size 2048K, 15 young (30720K), 1 survivors (2048K)
 Metaspace       used 26290K, committed 26560K, reserved 1114112K
  class space    used 2995K, committed 3136K, reserved 1048576K
}
Event: 3.547 GC heap after
{Heap after GC invocations=9 (full 0):
 garbage-first heap   total 174080K, used 39209K [0x0000000704e00000, 0x0000000800000000)
  region size 2048K, 2 young (4096K), 2 survivors (4096K)
 Metaspace       used 26290K, committed 26560K, reserved 1114112K
  class space    used 2995K, committed 3136K, reserved 1048576K
}
Event: 3.997 GC heap before
{Heap before GC invocations=9 (full 0):
 garbage-first heap   total 174080K, used 114985K [0x0000000704e00000, 0x0000000800000000)
  region size 2048K, 39 young (79872K), 2 survivors (4096K)
 Metaspace       used 26745K, committed 27072K, reserved 1114112K
  class space    used 3035K, committed 3200K, reserved 1048576K
}
Event: 4.009 GC heap after
{Heap after GC invocations=10 (full 0):
 garbage-first heap   total 174080K, used 57570K [0x0000000704e00000, 0x0000000800000000)
  region size 2048K, 5 young (10240K), 5 survivors (10240K)
 Metaspace       used 26745K, committed 27072K, reserved 1114112K
  class space    used 3035K, committed 3200K, reserved 1048576K
}
Event: 4.348 GC heap before
{Heap before GC invocations=10 (full 0):
 garbage-first heap   total 174080K, used 121058K [0x0000000704e00000, 0x0000000800000000)
  region size 2048K, 35 young (71680K), 5 survivors (10240K)
 Metaspace       used 27547K, committed 27840K, reserved 1114112K
  class space    used 3105K, committed 3264K, reserved 1048576K
}
Event: 4.360 GC heap after
{Heap after GC invocations=11 (full 0):
 garbage-first heap   total 174080K, used 69764K [0x0000000704e00000, 0x0000000800000000)
  region size 2048K, 5 young (10240K), 5 survivors (10240K)
 Metaspace       used 27547K, committed 27840K, reserved 1114112K
  class space    used 3105K, committed 3264K, reserved 1048576K
}
Event: 4.853 GC heap before
{Heap before GC invocations=11 (full 0):
 garbage-first heap   total 174080K, used 123012K [0x0000000704e00000, 0x0000000800000000)
  region size 2048K, 31 young (63488K), 5 survivors (10240K)
 Metaspace       used 27713K, committed 28032K, reserved 1114112K
  class space    used 3107K, committed 3264K, reserved 1048576K
}
Event: 4.867 GC heap after
{Heap after GC invocations=12 (full 0):
 garbage-first heap   total 174080K, used 84837K [0x0000000704e00000, 0x0000000800000000)
  region size 2048K, 4 young (8192K), 4 survivors (8192K)
 Metaspace       used 27713K, committed 28032K, reserved 1114112K
  class space    used 3107K, committed 3264K, reserved 1048576K
}
Event: 4.882 GC heap before
{Heap before GC invocations=12 (full 0):
 garbage-first heap   total 174080K, used 86885K [0x0000000704e00000, 0x0000000800000000)
  region size 2048K, 7 young (14336K), 4 survivors (8192K)
 Metaspace       used 27725K, committed 28032K, reserved 1114112K
  class space    used 3107K, committed 3264K, reserved 1048576K
}
Event: 4.890 GC heap after
{Heap after GC invocations=13 (full 0):
 garbage-first heap   total 229376K, used 89528K [0x0000000704e00000, 0x0000000800000000)
  region size 2048K, 2 young (4096K), 2 survivors (4096K)
 Metaspace       used 27725K, committed 28032K, reserved 1114112K
  class space    used 3107K, committed 3264K, reserved 1048576K
}
Event: 5.490 GC heap before
{Heap before GC invocations=13 (full 0):
 garbage-first heap   total 229376K, used 155064K [0x0000000704e00000, 0x0000000800000000)
  region size 2048K, 32 young (65536K), 2 survivors (4096K)
 Metaspace       used 30045K, committed 30336K, reserved 1114112K
  class space    used 3371K, committed 3520K, reserved 1048576K
}
Event: 5.499 GC heap after
{Heap after GC invocations=14 (full 0):
 garbage-first heap   total 229376K, used 99056K [0x0000000704e00000, 0x0000000800000000)
  region size 2048K, 4 young (8192K), 4 survivors (8192K)
 Metaspace       used 30045K, committed 30336K, reserved 1114112K
  class space    used 3371K, committed 3520K, reserved 1048576K
}
Event: 6.067 GC heap before
{Heap before GC invocations=14 (full 0):
 garbage-first heap   total 229376K, used 158448K [0x0000000704e00000, 0x0000000800000000)
  region size 2048K, 33 young (67584K), 4 survivors (8192K)
 Metaspace       used 30896K, committed 31168K, reserved 1114112K
  class space    used 3398K, committed 3520K, reserved 1048576K
}
Event: 6.075 GC heap after
{Heap after GC invocations=15 (full 0):
 garbage-first heap   total 229376K, used 102676K [0x0000000704e00000, 0x0000000800000000)
  region size 2048K, 2 young (4096K), 2 survivors (4096K)
 Metaspace       used 30896K, committed 31168K, reserved 1114112K
  class space    used 3398K, committed 3520K, reserved 1048576K
}
Event: 6.493 GC heap before
{Heap before GC invocations=15 (full 0):
 garbage-first heap   total 229376K, used 164116K [0x0000000704e00000, 0x0000000800000000)
  region size 2048K, 32 young (65536K), 2 survivors (4096K)
 Metaspace       used 31134K, committed 31488K, reserved 1114112K
  class space    used 3404K, committed 3584K, reserved 1048576K
}
Event: 6.498 GC heap after
{Heap after GC invocations=16 (full 0):
 garbage-first heap   total 229376K, used 104586K [0x0000000704e00000, 0x0000000800000000)
  region size 2048K, 3 young (6144K), 3 survivors (6144K)
 Metaspace       used 31134K, committed 31488K, reserved 1114112K
  class space    used 3404K, committed 3584K, reserved 1048576K
}
Event: 6.845 GC heap before
{Heap before GC invocations=16 (full 0):
 garbage-first heap   total 229376K, used 170122K [0x0000000704e00000, 0x0000000800000000)
  region size 2048K, 35 young (71680K), 3 survivors (6144K)
 Metaspace       used 31305K, committed 31680K, reserved 1114112K
  class space    used 3409K, committed 3584K, reserved 1048576K
}

Dll operation events (3 events):
Event: 0.007 Loaded shared library C:\Users\PROBOOK\.jdks\jbr-17.0.14\bin\java.dll
Event: 0.021 Loaded shared library C:\Users\PROBOOK\.jdks\jbr-17.0.14\bin\jsvml.dll
Event: 0.213 Loaded shared library C:\Users\PROBOOK\.jdks\jbr-17.0.14\bin\verify.dll

Deoptimization events (20 events):
Event: 6.699 Thread 0x0000018c26e66e00 DEOPT PACKING pc=0x0000018c3265b9f8 sp=0x00000078c8ef88a0
Event: 6.699 Thread 0x0000018c26e66e00 DEOPT UNPACKING pc=0x0000018c31bda1a3 sp=0x00000078c8ef8868 mode 2
Event: 6.742 Thread 0x0000018c26e66e00 DEOPT PACKING pc=0x0000018c2b09b81e sp=0x00000078c8efc890
Event: 6.742 Thread 0x0000018c26e66e00 DEOPT UNPACKING pc=0x0000018c31bdace3 sp=0x00000078c8efbd18 mode 0
Event: 6.755 Thread 0x0000018c26e66e00 Uncommon trap: trap_request=0xffffffc6 fr.pc=0x0000018c3250ae2c relative=0x000000000000016c
Event: 6.755 Thread 0x0000018c26e66e00 Uncommon trap: reason=bimorphic_or_optimized_type_check action=maybe_recompile pc=0x0000018c3250ae2c method=com.sun.tools.javac.jvm.Items$Item.coerce(I)Lcom/sun/tools/javac/jvm/Items$Item; @ 11 c2
Event: 6.755 Thread 0x0000018c26e66e00 DEOPT PACKING pc=0x0000018c3250ae2c sp=0x00000078c8efbaa0
Event: 6.755 Thread 0x0000018c26e66e00 DEOPT UNPACKING pc=0x0000018c31bda1a3 sp=0x00000078c8efba18 mode 2
Event: 6.767 Thread 0x0000018c26e66e00 Uncommon trap: trap_request=0xffffffc6 fr.pc=0x0000018c3250ae2c relative=0x000000000000016c
Event: 6.767 Thread 0x0000018c26e66e00 Uncommon trap: reason=bimorphic_or_optimized_type_check action=maybe_recompile pc=0x0000018c3250ae2c method=com.sun.tools.javac.jvm.Items$Item.coerce(I)Lcom/sun/tools/javac/jvm/Items$Item; @ 11 c2
Event: 6.767 Thread 0x0000018c26e66e00 DEOPT PACKING pc=0x0000018c3250ae2c sp=0x00000078c8efbe80
Event: 6.767 Thread 0x0000018c26e66e00 DEOPT UNPACKING pc=0x0000018c31bda1a3 sp=0x00000078c8efbdf8 mode 2
Event: 6.768 Thread 0x0000018c26e66e00 Uncommon trap: trap_request=0xffffffc6 fr.pc=0x0000018c3250ae2c relative=0x000000000000016c
Event: 6.768 Thread 0x0000018c26e66e00 Uncommon trap: reason=bimorphic_or_optimized_type_check action=maybe_recompile pc=0x0000018c3250ae2c method=com.sun.tools.javac.jvm.Items$Item.coerce(I)Lcom/sun/tools/javac/jvm/Items$Item; @ 11 c2
Event: 6.768 Thread 0x0000018c26e66e00 DEOPT PACKING pc=0x0000018c3250ae2c sp=0x00000078c8efb510
Event: 6.768 Thread 0x0000018c26e66e00 DEOPT UNPACKING pc=0x0000018c31bda1a3 sp=0x00000078c8efb488 mode 2
Event: 6.782 Thread 0x0000018c26e66e00 Uncommon trap: trap_request=0xffffff45 fr.pc=0x0000018c32537b64 relative=0x00000000000050e4
Event: 6.782 Thread 0x0000018c26e66e00 Uncommon trap: reason=unstable_if action=reinterpret pc=0x0000018c32537b64 method=com.sun.tools.javac.jvm.ClassReader.classSigToType()Lcom/sun/tools/javac/code/Type; @ 254 c2
Event: 6.783 Thread 0x0000018c26e66e00 DEOPT PACKING pc=0x0000018c32537b64 sp=0x00000078c8efa590
Event: 6.783 Thread 0x0000018c26e66e00 DEOPT UNPACKING pc=0x0000018c31bda1a3 sp=0x00000078c8efa5c8 mode 2

Classes loaded (20 events):
Event: 5.035 Loading class java/util/stream/ReduceOps$1
Event: 5.036 Loading class java/util/stream/ReduceOps$1 done
Event: 5.036 Loading class java/util/stream/ReduceOps$1ReducingSink
Event: 5.036 Loading class java/util/stream/ReduceOps$1ReducingSink done
Event: 5.098 Loading class java/util/function/ToIntBiFunction
Event: 5.098 Loading class java/util/function/ToIntBiFunction done
Event: 5.132 Loading class java/util/EnumMap$EntrySet
Event: 5.132 Loading class java/util/EnumMap$EntrySet done
Event: 5.132 Loading class java/util/EnumMap$EntryIterator
Event: 5.132 Loading class java/util/EnumMap$EnumMapIterator
Event: 5.132 Loading class java/util/EnumMap$EnumMapIterator done
Event: 5.132 Loading class java/util/EnumMap$EntryIterator done
Event: 5.132 Loading class java/util/EnumMap$EntryIterator$Entry
Event: 5.132 Loading class java/util/EnumMap$EntryIterator$Entry done
Event: 5.343 Loading class java/io/DataOutputStream
Event: 5.343 Loading class java/io/DataOutputStream done
Event: 5.417 Loading class java/util/stream/ReduceOps$2
Event: 5.417 Loading class java/util/stream/ReduceOps$2 done
Event: 5.417 Loading class java/util/stream/ReduceOps$2ReducingSink
Event: 5.417 Loading class java/util/stream/ReduceOps$2ReducingSink done

Classes unloaded (0 events):
No events

Classes redefined (0 events):
No events

Internal exceptions (20 events):
Event: 6.669 Thread 0x0000018c26e66e00 Exception <a 'sun/nio/fs/WindowsException'{0x0000000711278908}> (0x0000000711278908) 
thrown [s\src\hotspot\share\prims\jni.cpp, line 531]
Event: 6.674 Thread 0x0000018c26e66e00 Exception <a 'sun/nio/fs/WindowsException'{0x00000007112e51b0}> (0x00000007112e51b0) 
thrown [s\src\hotspot\share\prims\jni.cpp, line 531]
Event: 6.743 Thread 0x0000018c26e66e00 Exception <a 'sun/nio/fs/WindowsException'{0x000000070fecdeb8}> (0x000000070fecdeb8) 
thrown [s\src\hotspot\share\prims\jni.cpp, line 531]
Event: 6.745 Thread 0x0000018c26e66e00 Exception <a 'sun/nio/fs/WindowsException'{0x000000070fedae78}> (0x000000070fedae78) 
thrown [s\src\hotspot\share\prims\jni.cpp, line 531]
Event: 6.747 Thread 0x0000018c26e66e00 Exception <a 'sun/nio/fs/WindowsException'{0x000000070fee4a28}> (0x000000070fee4a28) 
thrown [s\src\hotspot\share\prims\jni.cpp, line 531]
Event: 6.748 Thread 0x0000018c26e66e00 Exception <a 'sun/nio/fs/WindowsException'{0x000000070feedf90}> (0x000000070feedf90) 
thrown [s\src\hotspot\share\prims\jni.cpp, line 531]
Event: 6.749 Thread 0x0000018c26e66e00 Exception <a 'sun/nio/fs/WindowsException'{0x000000070fef4c08}> (0x000000070fef4c08) 
thrown [s\src\hotspot\share\prims\jni.cpp, line 531]
Event: 6.750 Thread 0x0000018c26e66e00 Exception <a 'sun/nio/fs/WindowsException'{0x000000070fefca60}> (0x000000070fefca60) 
thrown [s\src\hotspot\share\prims\jni.cpp, line 531]
Event: 6.752 Thread 0x0000018c26e66e00 Exception <a 'sun/nio/fs/WindowsException'{0x000000070ff07918}> (0x000000070ff07918) 
thrown [s\src\hotspot\share\prims\jni.cpp, line 531]
Event: 6.757 Thread 0x0000018c26e66e00 Exception <a 'sun/nio/fs/WindowsException'{0x000000070ffabe80}> (0x000000070ffabe80) 
thrown [s\src\hotspot\share\prims\jni.cpp, line 531]
Event: 6.768 Thread 0x0000018c26e66e00 Exception <a 'sun/nio/fs/WindowsException'{0x000000070fd83670}> (0x000000070fd83670) 
thrown [s\src\hotspot\share\prims\jni.cpp, line 531]
Event: 6.775 Thread 0x0000018c26e66e00 Exception <a 'sun/nio/fs/WindowsException'{0x000000070fa5bce0}> (0x000000070fa5bce0) 
thrown [s\src\hotspot\share\prims\jni.cpp, line 531]
Event: 6.776 Thread 0x0000018c26e66e00 Exception <a 'sun/nio/fs/WindowsException'{0x000000070fa64300}> (0x000000070fa64300) 
thrown [s\src\hotspot\share\prims\jni.cpp, line 531]
Event: 6.778 Thread 0x0000018c26e66e00 Exception <a 'sun/nio/fs/WindowsException'{0x000000070fa7b9a0}> (0x000000070fa7b9a0) 
thrown [s\src\hotspot\share\prims\jni.cpp, line 531]
Event: 6.797 Thread 0x0000018c26e66e00 Exception <a 'sun/nio/fs/WindowsException'{0x000000070f494270}> (0x000000070f494270) 
thrown [s\src\hotspot\share\prims\jni.cpp, line 531]
Event: 6.799 Thread 0x0000018c26e66e00 Exception <a 'sun/nio/fs/WindowsException'{0x000000070f49e670}> (0x000000070f49e670) 
thrown [s\src\hotspot\share\prims\jni.cpp, line 531]
Event: 6.801 Thread 0x0000018c26e66e00 Exception <a 'sun/nio/fs/WindowsException'{0x000000070f4d6e70}> (0x000000070f4d6e70) 
thrown [s\src\hotspot\share\prims\jni.cpp, line 531]
Event: 6.807 Thread 0x0000018c26e66e00 Exception <a 'sun/nio/fs/WindowsException'{0x000000070f57e120}> (0x000000070f57e120) 
thrown [s\src\hotspot\share\prims\jni.cpp, line 531]
Event: 6.814 Thread 0x0000018c26e66e00 Exception <a 'sun/nio/fs/WindowsException'{0x000000070f2c12f0}> (0x000000070f2c12f0) 
thrown [s\src\hotspot\share\prims\jni.cpp, line 531]
Event: 6.839 Thread 0x0000018c26e66e00 Exception <a 'sun/nio/fs/WindowsException'{0x000000070ef1c378}> (0x000000070ef1c378) 
thrown [s\src\hotspot\share\prims\jni.cpp, line 531]

VM Operations (20 events):
Event: 5.809 Executing VM operation: HandshakeAllThreads done
Event: 5.813 Executing VM operation: ICBufferFull
Event: 5.813 Executing VM operation: ICBufferFull done
Event: 5.899 Executing VM operation: ICBufferFull
Event: 5.899 Executing VM operation: ICBufferFull done
Event: 5.969 Executing VM operation: ICBufferFull
Event: 5.969 Executing VM operation: ICBufferFull done
Event: 6.067 Executing VM operation: G1CollectForAllocation
Event: 6.076 Executing VM operation: G1CollectForAllocation done
Event: 6.271 Executing VM operation: ICBufferFull
Event: 6.271 Executing VM operation: ICBufferFull done
Event: 6.453 Executing VM operation: ICBufferFull
Event: 6.453 Executing VM operation: ICBufferFull done
Event: 6.493 Executing VM operation: G1CollectForAllocation
Event: 6.498 Executing VM operation: G1CollectForAllocation done
Event: 6.620 Executing VM operation: HandshakeAllThreads
Event: 6.620 Executing VM operation: HandshakeAllThreads done
Event: 6.681 Executing VM operation: ICBufferFull
Event: 6.681 Executing VM operation: ICBufferFull done
Event: 6.845 Executing VM operation: G1CollectForAllocation

Memory protections (0 events):
No events

Nmethod flushes (20 events):
Event: 5.515 Thread 0x0000018c455dda00 flushing  nmethod 0x0000018c2b414610
Event: 5.515 Thread 0x0000018c455dda00 flushing  nmethod 0x0000018c2b42f590
Event: 5.515 Thread 0x0000018c455dda00 flushing  nmethod 0x0000018c2b444410
Event: 5.515 Thread 0x0000018c455dda00 flushing  nmethod 0x0000018c2b445710
Event: 5.515 Thread 0x0000018c455dda00 flushing  nmethod 0x0000018c2b445a90
Event: 5.515 Thread 0x0000018c455dda00 flushing  nmethod 0x0000018c2b44b810
Event: 5.515 Thread 0x0000018c455dda00 flushing  nmethod 0x0000018c2b44cb10
Event: 5.515 Thread 0x0000018c455dda00 flushing  nmethod 0x0000018c2b456890
Event: 5.515 Thread 0x0000018c455dda00 flushing  nmethod 0x0000018c2b456c10
Event: 5.515 Thread 0x0000018c455dda00 flushing  nmethod 0x0000018c2b458790
Event: 5.515 Thread 0x0000018c455dda00 flushing  nmethod 0x0000018c2b45ba90
Event: 5.515 Thread 0x0000018c455dda00 flushing  nmethod 0x0000018c2b45e890
Event: 5.515 Thread 0x0000018c455dda00 flushing  nmethod 0x0000018c2b45ed90
Event: 5.515 Thread 0x0000018c455dda00 flushing  nmethod 0x0000018c2b460a10
Event: 5.515 Thread 0x0000018c455dda00 flushing  nmethod 0x0000018c2b46b210
Event: 5.515 Thread 0x0000018c455dda00 flushing  nmethod 0x0000018c2b46d710
Event: 5.515 Thread 0x0000018c455dda00 flushing  nmethod 0x0000018c2b4f5390
Event: 5.516 Thread 0x0000018c455dda00 flushing  nmethod 0x0000018c2b5ec990
Event: 5.516 Thread 0x0000018c455dda00 flushing  nmethod 0x0000018c2b61f290
Event: 5.516 Thread 0x0000018c455dda00 flushing  nmethod 0x0000018c2b621310

Events (19 events):
Event: 0.021 Thread 0x0000018c26e66e00 Thread added: 0x0000018c26e66e00
Event: 0.022 Thread 0x0000018c26e66e00 Thread added: 0x0000018c455b3700
Event: 0.022 Thread 0x0000018c26e66e00 Thread added: 0x0000018c455b42c0
Event: 0.030 Thread 0x0000018c26e66e00 Thread added: 0x0000018c455d19e0
Event: 0.030 Thread 0x0000018c26e66e00 Thread added: 0x0000018c455d43b0
Event: 0.030 Thread 0x0000018c26e66e00 Thread added: 0x0000018c455d6390
Event: 0.030 Thread 0x0000018c26e66e00 Thread added: 0x0000018c455d6f60
Event: 0.030 Thread 0x0000018c26e66e00 Thread added: 0x0000018c455d8f40
Event: 0.030 Thread 0x0000018c26e66e00 Thread added: 0x0000018c455dd000
Event: 0.030 Thread 0x0000018c26e66e00 Thread added: 0x0000018c455dda00
Event: 0.040 Thread 0x0000018c26e66e00 Thread added: 0x0000018c45ae6730
Event: 0.041 Thread 0x0000018c26e66e00 Thread added: 0x0000018c45aee150
Event: 0.043 Loaded shared library C:\Users\PROBOOK\.jdks\jbr-17.0.14\bin\net.dll
Event: 0.044 Loaded shared library C:\Users\PROBOOK\.jdks\jbr-17.0.14\bin\nio.dll
Event: 0.046 Loaded shared library C:\Users\PROBOOK\.jdks\jbr-17.0.14\bin\zip.dll
Event: 0.050 Loaded shared library C:\Users\PROBOOK\.jdks\jbr-17.0.14\bin\jimage.dll
Event: 0.207 Loaded shared library C:\Users\PROBOOK\AppData\Local\Temp\jansi-2.4.0-205915b9a08b25c4-jansi.dll
Event: 0.306 Thread 0x0000018c455dd000 Thread added: 0x0000018c8b391540
Event: 0.430 Thread 0x0000018c455dd000 Thread added: 0x0000018c8b7df710


Dynamic libraries:
0x00007ff7a1800000 - 0x00007ff7a180a000 	C:\Users\PROBOOK\.jdks\jbr-17.0.14\bin\java.exe
0x00007ffe59ca0000 - 0x00007ffe59f07000 	C:\WINDOWS\SYSTEM32\ntdll.dll
0x00007ffe58890000 - 0x00007ffe58959000 	C:\WINDOWS\System32\KERNEL32.DLL
0x00007ffe56850000 - 0x00007ffe56c41000 	C:\WINDOWS\System32\KERNELBASE.dll
0x00007ffe578f0000 - 0x00007ffe57a3b000 	C:\WINDOWS\System32\ucrtbase.dll
0x00007ffe53180000 - 0x00007ffe53197000 	C:\Users\PROBOOK\.jdks\jbr-17.0.14\bin\jli.dll
0x00007ffe53210000 - 0x00007ffe5322b000 	C:\Users\PROBOOK\.jdks\jbr-17.0.14\bin\VCRUNTIME140.dll
0x00007ffe599e0000 - 0x00007ffe59ba5000 	C:\WINDOWS\System32\USER32.dll
0x00007ffe31720000 - 0x00007ffe319b3000 	C:\WINDOWS\WinSxS\amd64_microsoft.windows.common-controls_6595b64144ccf1df_6.0.26100.7922_none_3e089e1ee3342171\COMCTL32.dll
0x00007ffe57790000 - 0x00007ffe577b7000 	C:\WINDOWS\System32\win32u.dll
0x00007ffe59510000 - 0x00007ffe5953b000 	C:\WINDOWS\System32\GDI32.dll
0x00007ffe59bb0000 - 0x00007ffe59c59000 	C:\WINDOWS\System32\msvcrt.dll
0x00007ffe577c0000 - 0x00007ffe578ea000 	C:\WINDOWS\System32\gdi32full.dll
0x00007ffe56630000 - 0x00007ffe566d3000 	C:\WINDOWS\System32\msvcp_win.dll
0x00007ffe58ea0000 - 0x00007ffe58ed1000 	C:\WINDOWS\System32\IMM32.DLL
0x00007ffe53200000 - 0x00007ffe5320c000 	C:\Users\PROBOOK\.jdks\jbr-17.0.14\bin\vcruntime140_1.dll
0x00007ffe37540000 - 0x00007ffe375cd000 	C:\Users\PROBOOK\.jdks\jbr-17.0.14\bin\msvcp140.dll
0x00007ffdbb940000 - 0x00007ffdbc5ce000 	C:\Users\PROBOOK\.jdks\jbr-17.0.14\bin\server\jvm.dll
0x00007ffe58540000 - 0x00007ffe585fb000 	C:\WINDOWS\System32\ADVAPI32.dll
0x00007ffe58600000 - 0x00007ffe586a7000 	C:\WINDOWS\System32\sechost.dll
0x00007ffe58370000 - 0x00007ffe58488000 	C:\WINDOWS\System32\RPCRT4.dll
0x00007ffe58490000 - 0x00007ffe58504000 	C:\WINDOWS\System32\WS2_32.dll
0x00007ffe563e0000 - 0x00007ffe5643e000 	C:\WINDOWS\SYSTEM32\POWRPROF.dll
0x00007ffe4b6f0000 - 0x00007ffe4b725000 	C:\WINDOWS\SYSTEM32\WINMM.dll
0x00007ffe4b430000 - 0x00007ffe4b43b000 	C:\WINDOWS\SYSTEM32\VERSION.dll
0x00007ffe563c0000 - 0x00007ffe563d4000 	C:\WINDOWS\SYSTEM32\UMPDC.dll
0x00007ffe55310000 - 0x00007ffe5532b000 	C:\WINDOWS\SYSTEM32\kernel.appcore.dll
0x00007ffe4ad30000 - 0x00007ffe4ad3a000 	C:\Users\PROBOOK\.jdks\jbr-17.0.14\bin\jimage.dll
0x00007ffe53f20000 - 0x00007ffe54162000 	C:\WINDOWS\SYSTEM32\DBGHELP.DLL
0x00007ffe595c0000 - 0x00007ffe59942000 	C:\WINDOWS\System32\combase.dll
0x00007ffe587b0000 - 0x00007ffe58887000 	C:\WINDOWS\System32\OLEAUT32.dll
0x00007ffe373f0000 - 0x00007ffe3742b000 	C:\WINDOWS\SYSTEM32\dbgcore.DLL
0x00007ffe56580000 - 0x00007ffe56625000 	C:\WINDOWS\System32\bcryptPrimitives.dll
0x00007ffe437d0000 - 0x00007ffe437f5000 	C:\Users\PROBOOK\.jdks\jbr-17.0.14\bin\java.dll
0x00007ffe2a9d0000 - 0x00007ffe2aaa7000 	C:\Users\PROBOOK\.jdks\jbr-17.0.14\bin\jsvml.dll
0x00007ffe57ba0000 - 0x00007ffe582ff000 	C:\WINDOWS\System32\SHELL32.dll
0x00007ffe566e0000 - 0x00007ffe5684a000 	C:\WINDOWS\System32\wintypes.dll
0x00007ffe56f20000 - 0x00007ffe57784000 	C:\WINDOWS\System32\windows.storage.dll
0x00007ffe58960000 - 0x00007ffe58a57000 	C:\WINDOWS\System32\SHCORE.dll
0x00007ffe58a60000 - 0x00007ffe58ac7000 	C:\WINDOWS\System32\shlwapi.dll
0x00007ffe564a0000 - 0x00007ffe564c9000 	C:\WINDOWS\SYSTEM32\profapi.dll
0x00007ffe43710000 - 0x00007ffe43728000 	C:\Users\PROBOOK\.jdks\jbr-17.0.14\bin\zip.dll
0x00007ffe436f0000 - 0x00007ffe43709000 	C:\Users\PROBOOK\.jdks\jbr-17.0.14\bin\net.dll
0x00007ffe50f70000 - 0x00007ffe51097000 	C:\WINDOWS\SYSTEM32\WINHTTP.dll
0x00007ffe55880000 - 0x00007ffe558eb000 	C:\WINDOWS\system32\mswsock.dll
0x00007ffe433d0000 - 0x00007ffe433e6000 	C:\Users\PROBOOK\.jdks\jbr-17.0.14\bin\nio.dll
0x0000000069ac0000 - 0x0000000069ae4000 	C:\Users\PROBOOK\AppData\Local\Temp\jansi-2.4.0-205915b9a08b25c4-jansi.dll
0x00007ffe4ad20000 - 0x00007ffe4ad30000 	C:\Users\PROBOOK\.jdks\jbr-17.0.14\bin\verify.dll

dbghelp: loaded successfully - version: 4.0.5 - missing functions: none
symbol engine: initialized successfully - sym options: 0x614 - pdb path: .;C:\Users\PROBOOK\.jdks\jbr-17.0.14\bin;C:\WINDOWS\SYSTEM32;C:\WINDOWS\WinSxS\amd64_microsoft.windows.common-controls_6595b64144ccf1df_6.0.26100.7922_none_3e089e1ee3342171;C:\Users\PROBOOK\.jdks\jbr-17.0.14\bin\server;C:\Users\PROBOOK\AppData\Local\Temp

VM Arguments:
jvm_args: -Dfile.encoding=IBM850 -Dmaven.multiModuleProjectDirectory=C:\Desktop\PIDEVDD\pidevv\pi25-01-2026 
java_command: org.apache.maven.wrapper.MavenWrapperMain -Didea.version=2025.3.3 -Dmaven.ext.class.path=C:\Program Files\JetBrains\IntelliJ IDEA 2023.2.8\plugins\maven\lib\maven-event-listener.jar -Djansi.passthrough=true -Dstyle.color=always -Dmaven.repo.local=C:\Users\PROBOOK\.m2\repository javafx:run -f pom.xml
java_class_path (initial): C:\Desktop\PIDEVDD\pidevv\pi25-01-2026\.mvn\wrapper\maven-wrapper.jar
Launcher Type: SUN_STANDARD

[Global flags]
     intx CICompilerCount                          = 4                                         {product} {ergonomic}
     uint ConcGCThreads                            = 2                                         {product} {ergonomic}
     uint G1ConcRefinementThreads                  = 8                                         {product} {ergonomic}
   size_t G1HeapRegionSize                         = 2097152                                   {product} {ergonomic}
    uintx GCDrainStackTargetSize                   = 64                                        {product} {ergonomic}
   size_t InitialHeapSize                          = 264241152                                 {product} {ergonomic}
   size_t MarkStackSize                            = 4194304                                   {product} {ergonomic}
   size_t MaxHeapSize                              = 4213178368                                {product} {ergonomic}
   size_t MaxNewSize                               = 2527068160                                {product} {ergonomic}
   size_t MinHeapDeltaBytes                        = 2097152                                   {product} {ergonomic}
   size_t MinHeapSize                              = 8388608                                   {product} {ergonomic}
    uintx NonNMethodCodeHeapSize                   = 5839372                                {pd product} {ergonomic}
    uintx NonProfiledCodeHeapSize                  = 122909434                              {pd product} {ergonomic}
    uintx ProfiledCodeHeapSize                     = 122909434                              {pd product} {ergonomic}
    uintx ReservedCodeCacheSize                    = 251658240                              {pd product} {ergonomic}
     bool SegmentedCodeCache                       = true                                      {product} {ergonomic}
   size_t SoftMaxHeapSize                          = 4213178368                             {manageable} {ergonomic}
     bool UseCompressedClassPointers               = true                           {product lp64_product} {ergonomic}
     bool UseCompressedOops                        = true                           {product lp64_product} {ergonomic}
     bool UseG1GC                                  = true                                      {product} {ergonomic}
     bool UseLargePagesIndividualAllocation        = false                                  {pd product} {ergonomic}

Logging:
Log output configuration:
 #0: stdout all=warning uptime,level,tags
 #1: stderr all=off uptime,level,tags

Environment Variables:
JAVA_HOME=C:\Users\PROBOOK\.jdks\jbr-17.0.14
JAVA_TOOL_OPTIONS=-Dfile.encoding=IBM850
PATH=C:\oraclexe\app\oracle\product\11.2.0\server\bin;;C:\Users\PROBOOK\OneDrive\Documentos\Atelier2;C:\Users\PROBOOK\.jdks\jbr-17.0.14-1;C:\Program Files (x86)\VMware\VMware Workstation\bin\;C:\Program Files\Java\jdk-17\bin;C:\Program Files\Common Files\Oracle\Java\javapath;C:\Python313\Scripts\;C:\Python313\;C:\Maven\apache-maven-3.9.9\bin;C:\WINDOWS\system32;C:\WINDOWS;C:\WINDOWS\System32\Wbem;C:\WINDOWS\System32\WindowsPowerShell\v1.0\;C:\WINDOWS\System32\OpenSSH\;C:\Program Files\Microsoft SQL Server\150\Tools\Binn\;C:\ProgramData\chocolatey\bin;C:\Program Files\nodejs\;C:\Users\PROBOOK\AppData\Roaming\Python\Python313\Scripts;C:\Program Files\Pandoc\;C:\xampp\php;C:\ProgramData\ComposerSetup\bin;C:\Program Files\Git\cmd;C:\Users\PROBOOK\scoop\shims;C:\Users\PROBOOK\AppData\Local\Programs\Python\Launcher\;C:\Users\PROBOOK\AppData\Local\Microsoft\WindowsApps;C:\Users\PROBOOK\AppData\Local\Programs\Microsoft VS Code\bin;C:\Maven\apache-maven-3.9.9\bin;C:\Users\PROBOOK\AppData\Roaming\npm;C:\Users\PROBOOK\AppData\Roaming\Composer\vendor\bin;C:\Program Files\JetBrains\IntelliJ IDEA 2023.2.8\bin;
USERNAME=PROBOOK
OS=Windows_NT
PROCESSOR_IDENTIFIER=Intel64 Family 6 Model 140 Stepping 1, GenuineIntel
TMP=C:\Users\PROBOOK\AppData\Local\Temp
TEMP=C:\Users\PROBOOK\AppData\Local\Temp



Periodic native trim disabled

JNI global refs:
JNI global refs: 12, weak refs: 50

JNI global refs memory usage: 843, weak refs: 841

Process memory usage:
Resident Set Size: 465532K (2% of 16449800K total physical memory with 1792308K free physical memory)

OOME stack traces (most recent first):
Classloader memory used:
Loader org.codehaus.plexus.classworlds.realm.ClassRealm                                : 1542K
Loader jdk.internal.loader.ClassLoaders$AppClassLoader                                 : 1372K
Loader bootstrap                                                                       : 900K
Loader jdk.internal.loader.ClassLoaders$PlatformClassLoader                            : 71126B
Loader java.net.URLClassLoader                                                         : 13162B
Loader jdk.internal.reflect.DelegatingClassLoader                                      : 12686B
Loader org.eclipse.sisu.space.CloningClassSpace$CloningClassLoader                     : 3117B

Classes loaded by more than one classloader:
Class org.codehaus.plexus.util.StringUtils                                            : loaded 3 times (x 69B)
Class org.codehaus.plexus.util.DirectoryScanner                                       : loaded 2 times (x 113B)
Class org.codehaus.plexus.util.Scanner                                                : loaded 2 times (x 68B)
Class org.codehaus.plexus.interpolation.ValueSource                                   : loaded 2 times (x 68B)
Class org.codehaus.plexus.util.AbstractScanner                                        : loaded 2 times (x 98B)
Class org.codehaus.plexus.util.xml.XmlStreamReader                                    : loaded 2 times (x 91B)
Class org.codehaus.plexus.interpolation.RecursionInterceptor                          : loaded 2 times (x 68B)
Class org.apache.maven.shared.utils.logging.MessageBuilder                            : loaded 2 times (x 68B)
Class org.codehaus.plexus.util.xml.XmlReader                                          : loaded 2 times (x 91B)
Class org.apache.maven.shared.utils.logging.AnsiMessageBuilder                        : loaded 2 times (x 121B)
Class org.codehaus.plexus.interpolation.SimpleRecursionInterceptor                    : loaded 2 times (x 80B)
Class org.codehaus.plexus.interpolation.PrefixAwareRecursionInterceptor               : loaded 2 times (x 80B)
Class [Lorg.apache.maven.shared.utils.logging.Style;                                  : loaded 2 times (x 67B)
Class org.codehaus.plexus.interpolation.PropertiesBasedValueSource                    : loaded 2 times (x 80B)
Class org.codehaus.plexus.interpolation.AbstractValueSource                           : loaded 2 times (x 80B)
Class org.apache.maven.shared.utils.logging.MessageUtils$1                            : loaded 2 times (x 85B)
Class org.apache.maven.shared.utils.logging.Style                                     : loaded 2 times (x 78B)
Class org.apache.maven.shared.utils.logging.LoggerLevelRenderer                       : loaded 2 times (x 68B)
Class org.codehaus.plexus.util.SelectorUtils                                          : loaded 2 times (x 69B)
Class org.codehaus.plexus.interpolation.InterpolationPostProcessor                    : loaded 2 times (x 68B)
Class org.apache.maven.shared.utils.logging.MessageUtils                              : loaded 2 times (x 69B)
Class org.codehaus.plexus.interpolation.Interpolator                                  : loaded 2 times (x 68B)


---------------  S Y S T E M  ---------------

OS:
 Windows 11 , 64 bit Build 26100 (10.0.26100.7920)
OS uptime: 2 days 6:00 hours

CPU: total 8 (initial active 8) (4 cores per cpu, 2 threads per core) family 6 model 140 stepping 1 microcode 0xbc, cx8, cmov, fxsr, ht, mmx, 3dnowpref, sse, sse2, sse3, ssse3, sse4.1, sse4.2, popcnt, lzcnt, tsc, tscinvbit, avx, avx2, aes, erms, clmul, bmi1, bmi2, adx, avx512f, avx512dq, avx512cd, avx512bw, avx512vl, sha, fma, vzeroupper, avx512_vpopcntdq, avx512_vpclmulqdq, avx512_vaes, avx512_vnni, clflush, clflushopt, clwb, avx512_vbmi2, avx512_vbmi
Processor Information for processor 0
  Max Mhz: 2419, Current Mhz: 2419, Mhz Limit: 2419
Processor Information for processor 1
  Max Mhz: 2419, Current Mhz: 2419, Mhz Limit: 2419
Processor Information for processor 2
  Max Mhz: 2419, Current Mhz: 1209, Mhz Limit: 2419
Processor Information for processor 3
  Max Mhz: 2419, Current Mhz: 1209, Mhz Limit: 2419
Processor Information for processor 4
  Max Mhz: 2419, Current Mhz: 2419, Mhz Limit: 2419
Processor Information for processor 5
  Max Mhz: 2419, Current Mhz: 2419, Mhz Limit: 2419
Processor Information for processor 6
  Max Mhz: 2419, Current Mhz: 2419, Mhz Limit: 2419
Processor Information for processor 7
  Max Mhz: 2419, Current Mhz: 2419, Mhz Limit: 2419

Memory: 4k page, system-wide physical 16064M (1750M free)
TotalPageFile size 46374M (AvailPageFile size 90M)
current process WorkingSet (physical memory assigned to process): 454M, peak: 454M
current process commit charge ("private bytes"): 521M, peak: 688M

vm_info: OpenJDK 64-Bit Server VM (17.0.14+1-b1367.22) for windows-amd64 JRE (17.0.14+1-b1367.22), built on 2025-01-30 by "builduser" with MS VC++ 16.10 / 16.11 (VS2019)

END.
