#
# There is insufficient memory for the Java Runtime Environment to continue.
# Native memory allocation (malloc) failed to allocate 1426496 bytes. Error detail: Chunk::new
# Possible reasons:
#   The system is out of physical RAM or swap space
#   This process is running with CompressedOops enabled, and the Java Heap may be blocking the growth of the native heap
# Possible solutions:
#   Reduce memory load on the system
#   Increase physical memory or swap space
#   Check if swap backing store is full
#   Decrease Java heap size (-Xmx/-Xms)
#   Decrease number of Java threads
#   Decrease Java thread stack sizes (-Xss)
#   Set larger code cache with -XX:ReservedCodeCacheSize=
#   JVM is running with Unscaled Compressed Oops mode in which the Java heap is
#     placed in the first 4GB address space. The Java Heap base address is the
#     maximum limit for the native heap growth. Please use -XX:HeapBaseMinAddress
#     to set the Java Heap base and to place the Java Heap above 4GB virtual address.
# This output file may be truncated or incomplete.
#
#  Out of Memory Error (arena.cpp:191), pid=984, tid=6864
#
# JRE version: OpenJDK Runtime Environment JBR-17.0.14+1-1367.22-nomod (17.0.14+1) (build 17.0.14+1-b1367.22)
# Java VM: OpenJDK 64-Bit Server VM JBR-17.0.14+1-1367.22-nomod (17.0.14+1-b1367.22, mixed mode, sharing, tiered, compressed oops, compressed class ptrs, g1 gc, windows-amd64)
# No core dump will be written. Minidumps are not enabled by default on client versions of Windows
#

---------------  S U M M A R Y ------------

Command Line: -javaagent:C:\Program Files\JetBrains\IntelliJ IDEA Community Edition 2023.1.2\lib\idea_rt.jar=53514:C:\Program Files\JetBrains\IntelliJ IDEA Community Edition 2023.1.2\bin -Dfile.encoding=UTF-8 --module-path=C:\Users\sella\.m2\repository\org\openjfx\javafx-web\17.0.6\javafx-web-17.0.6-win.jar;C:\Users\sella\.m2\repository\org\bytedeco\javacpp\1.5.10\javacpp-1.5.10.jar;C:\Users\sella\.m2\repository\com\itextpdf\kernel\7.2.5\kernel-7.2.5.jar;C:\Users\sella\.m2\repository\org\bytedeco\openblas\0.3.26-1.5.10\openblas-0.3.26-1.5.10.jar;C:\Users\sella\.m2\repository\org\json\json\20231013\json-20231013.jar;C:\Users\sella\.m2\repository\org\openjfx\javafx-base\17.0.6\javafx-base-17.0.6-win.jar;C:\Users\sella\.m2\repository\org\bytedeco\javacv\1.5.10\javacv-1.5.10.jar;D:\LearningJava\PiDev\target\classes;C:\Users\sella\.m2\repository\com\sun\mail\javax.mail\1.6.2\javax.mail-1.6.2.jar;C:\Users\sella\.m2\repository\org\bytedeco\ffmpeg\6.1.1-1.5.10\ffmpeg-6.1.1-1.5.10.jar;C:\Users\sella\.m2\repository\org\bytedeco\librealsense\1.12.4-1.5.9\librealsense-1.12.4-1.5.9.jar;C:\Users\sella\.m2\repository\org\openjfx\javafx-controls\17.0.6\javafx-controls-17.0.6-win.jar;C:\Users\sella\.m2\repository\com\fasterxml\jackson\core\jackson-annotations\2.14.0\jackson-annotations-2.14.0.jar;C:\Users\sella\.m2\repository\com\fasterxml\jackson\core\jackson-core\2.14.0\jackson-core-2.14.0.jar;C:\Users\sella\.m2\repository\com\itextpdf\layout\7.2.5\layout-7.2.5.jar;C:\Users\sella\.m2\repository\org\hibernate\orm\hibernate-core\6.4.4.Final\hibernate-core-6.4.4.Final.jar;C:\Users\sella\.m2\repository\org\bytedeco\flycapture\2.13.3.31-1.5.9\flycapture-2.13.3.31-1.5.9.jar;C:\Users\sella\.m2\repository\org\bytedeco\libfreenect2\0.2.0-1.5.9\libfreenect2-0.2.0-1.5.9.jar;C:\Users\sella\.m2\repository\com\alphacephei\vosk\0.3.45\vosk-0.3.45.jar;C:\Users\sella\.m2\repository\com\fasterxml\jackson\datatype\jackson-datatype-jsr310\2.14.0\jackson-datatype-jsr310-2.14.0.jar;C:\Users\sella\.m2\repository\org\openjfx\javafx-graphics\17.0.6\javafx-graphics-17.0.6-win.jar;C:\Users\sella\.m2\repository\org\bytedeco\libdc1394\2.2.6-1.5.9\libdc1394-2.2.6-1.5.9.jar;C:\Users\sella\.m2\repository\org\bytedec-Djdk.module.main=com.example.pidev com.example.pidev/com.example.pidev.HelloApplication

Host: 11th Gen Intel(R) Core(TM) i5-1155G7 @ 2.50GHz, 8 cores, 7G,  Windows 11 , 64 bit Build 26100 (10.0.26100.8246)
Time: Sat May  9 23:17:05 2026 Afr. centrale Ouest elapsed time: 10.165172 seconds (0d 0h 0m 10s)

---------------  T H R E A D  ---------------

Current thread (0x000001975bc37020):  JavaThread "C2 CompilerThread1" daemon [_thread_in_native, id=6864, stack(0x00000020fc600000,0x00000020fc700000)]


Current CompileTask:
C2:  10165 4148   !   4       jdk.internal.loader.URLClassPath$JarLoader::ensureOpen (36 bytes)

Stack: [0x00000020fc600000,0x00000020fc700000]
Native frames: (J=compiled Java code, j=interpreted, Vv=VM code, C=native code)
V  [jvm.dll+0x68b969]  os::platform_print_native_stack+0xd9  (os_windows_x86.cpp:235)
V  [jvm.dll+0x84572a]  VMError::report+0xc6a  (vmError.cpp:868)
V  [jvm.dll+0x8473ae]  VMError::report_and_die+0x78e  (vmError.cpp:1766)
V  [jvm.dll+0x847a13]  VMError::report_and_die+0x43  (vmError.cpp:1552)
V  [jvm.dll+0x24a83f]  report_vm_out_of_memory+0x8f  (debug.cpp:321)
V  [jvm.dll+0xaca04]  Chunk::operator new+0xb4  (arena.cpp:191)
V  [jvm.dll+0xad04c]  Arena::grow+0x3c  (arena.cpp:352)
V  [jvm.dll+0x2b1f9f]  PhaseIdealLoop::Dominators+0x8f  (domgraph.cpp:397)
V  [jvm.dll+0x591957]  PhaseIdealLoop::build_and_optimize+0x417  (loopnode.cpp:4073)
V  [jvm.dll+0x224b52]  PhaseIdealLoop::optimize+0x132  (loopnode.hpp:1155)
V  [jvm.dll+0x21da3d]  Compile::Optimize+0x9ed  (compile.cpp:2173)
V  [jvm.dll+0x21b561]  Compile::Compile+0xd51  (compile.cpp:791)
V  [jvm.dll+0x1a6acd]  C2Compiler::compile_method+0xad  (c2compiler.cpp:112)
V  [jvm.dll+0x22b58e]  CompileBroker::invoke_compiler_on_method+0x82e  (compileBroker.cpp:2366)
V  [jvm.dll+0x2296d5]  CompileBroker::compiler_thread_loop+0x405  (compileBroker.cpp:2027)
V  [jvm.dll+0x7f9637]  JavaThread::run+0x147  (thread.cpp:1299)
V  [jvm.dll+0x7f3a1c]  Thread::call_run+0x8c  (thread.cpp:405)
V  [jvm.dll+0x68a7c7]  thread_native_entry+0x77  (os_windows.cpp:551)
C  [ucrtbase.dll+0x37b0]
C  [KERNEL32.DLL+0x2e8d7]
C  [ntdll.dll+0x8c3fc]


---------------  P R O C E S S  ---------------

Threads class SMR info:
_java_thread_list=0x000001975bc38d70, length=23, elements={
0x0000019770588540, 0x0000019778b621b0, 0x0000019778b62780, 0x0000019778b77aa0,
0x0000019778b78070, 0x0000019778b79650, 0x0000019778b7bc30, 0x0000019778b82070,
0x0000019778ba67d0, 0x0000019778bbbb80, 0x0000019778b50760, 0x000001977b716b30,
0x000001975518c2f0, 0x00000197546749b0, 0x0000019755466080, 0x0000019755480bd0,
0x000001975565d7e0, 0x00000197556ffdb0, 0x00000197557011f0, 0x00000197556ff390,
0x00000197556fe970, 0x000001975bc37020, 0x000001975bc35590
}

Java Threads: ( => current thread )
  0x0000019770588540 JavaThread "main" [_thread_blocked, id=20228, stack(0x00000020fa600000,0x00000020fa700000)]
  0x0000019778b621b0 JavaThread "Reference Handler" daemon [_thread_blocked, id=4708, stack(0x00000020fad00000,0x00000020fae00000)]
  0x0000019778b62780 JavaThread "Finalizer" daemon [_thread_blocked, id=16432, stack(0x00000020fae00000,0x00000020faf00000)]
  0x0000019778b77aa0 JavaThread "Signal Dispatcher" daemon [_thread_blocked, id=14696, stack(0x00000020faf00000,0x00000020fb000000)]
  0x0000019778b78070 JavaThread "Attach Listener" daemon [_thread_blocked, id=20532, stack(0x00000020fb000000,0x00000020fb100000)]
  0x0000019778b79650 JavaThread "Service Thread" daemon [_thread_blocked, id=2768, stack(0x00000020fb100000,0x00000020fb200000)]
  0x0000019778b7bc30 JavaThread "Monitor Deflation Thread" daemon [_thread_blocked, id=20624, stack(0x00000020fb200000,0x00000020fb300000)]
  0x0000019778b82070 JavaThread "C2 CompilerThread0" daemon [_thread_in_native, id=5028, stack(0x00000020fb300000,0x00000020fb400000)]
  0x0000019778ba67d0 JavaThread "C1 CompilerThread0" daemon [_thread_blocked, id=20320, stack(0x00000020fb400000,0x00000020fb500000)]
  0x0000019778bbbb80 JavaThread "Sweeper thread" daemon [_thread_blocked, id=19820, stack(0x00000020fb500000,0x00000020fb600000)]
  0x0000019778b50760 JavaThread "Common-Cleaner" daemon [_thread_blocked, id=6156, stack(0x00000020fb600000,0x00000020fb700000)]
  0x000001977b716b30 JavaThread "Monitor Ctrl-Break" daemon [_thread_in_native, id=18928, stack(0x00000020fb700000,0x00000020fb800000)]
  0x000001975518c2f0 JavaThread "Notification Thread" daemon [_thread_blocked, id=8036, stack(0x00000020fbc00000,0x00000020fbd00000)]
  0x00000197546749b0 JavaThread "QuantumRenderer-0" daemon [_thread_blocked, id=10640, stack(0x00000020fbe00000,0x00000020fbf00000)]
  0x0000019755466080 JavaThread "InvokeLaterDispatcher" daemon [_thread_blocked, id=21164, stack(0x00000020fbf00000,0x00000020fc000000)]
  0x0000019755480bd0 JavaThread "JavaFX Application Thread" [_thread_in_Java, id=2672, stack(0x00000020fc000000,0x00000020fc100000)]
  0x000001975565d7e0 JavaThread "JavaFX-Launcher" [_thread_blocked, id=7400, stack(0x00000020fc500000,0x00000020fc600000)]
  0x00000197556ffdb0 JavaThread "Thread-2" daemon [_thread_in_native, id=10100, stack(0x00000020fc400000,0x00000020fc500000)]
  0x00000197557011f0 JavaThread "mysql-cj-abandoned-connection-cleanup" daemon [_thread_blocked, id=3308, stack(0x00000020fc700000,0x00000020fc800000)]
  0x00000197556ff390 JavaThread "Prism Font Disposer" daemon [_thread_blocked, id=18456, stack(0x00000020fcd00000,0x00000020fce00000)]
  0x00000197556fe970 JavaThread "Cleaner-0" daemon [_thread_blocked, id=20448, stack(0x00000020fd300000,0x00000020fd400000)]
=>0x000001975bc37020 JavaThread "C2 CompilerThread1" daemon [_thread_in_native, id=6864, stack(0x00000020fc600000,0x00000020fc700000)]
  0x000001975bc35590 JavaThread "C2 CompilerThread2" daemon [_thread_in_native, id=9576, stack(0x00000020fd900000,0x00000020fda00000)]

Other Threads:
  0x0000019778b5ed80 VMThread "VM Thread" [stack: 0x00000020fac00000,0x00000020fad00000] [id=17332]
  0x000001977b717010 WatcherThread [stack: 0x00000020fbd00000,0x00000020fbe00000] [id=18980]
  0x00000197705dded0 GCTaskThread "GC Thread#0" [stack: 0x00000020fa700000,0x00000020fa800000] [id=13460]
  0x000001977b7815d0 GCTaskThread "GC Thread#1" [stack: 0x00000020fb800000,0x00000020fb900000] [id=17340]
  0x000001975415f790 GCTaskThread "GC Thread#2" [stack: 0x00000020fb900000,0x00000020fba00000] [id=1152]
  0x000001975494e950 GCTaskThread "GC Thread#3" [stack: 0x00000020fba00000,0x00000020fbb00000] [id=13952]
  0x000001975494ec10 GCTaskThread "GC Thread#4" [stack: 0x00000020fbb00000,0x00000020fbc00000] [id=10216]
  0x0000019755779430 GCTaskThread "GC Thread#5" [stack: 0x00000020fc800000,0x00000020fc900000] [id=21176]
  0x00000197557796f0 GCTaskThread "GC Thread#6" [stack: 0x00000020fc900000,0x00000020fca00000] [id=20700]
  0x0000019755777b70 GCTaskThread "GC Thread#7" [stack: 0x00000020fca00000,0x00000020fcb00000] [id=11932]
  0x000001977060b210 ConcurrentGCThread "G1 Main Marker" [stack: 0x00000020fa800000,0x00000020fa900000] [id=6440]
  0x000001977060cc40 ConcurrentGCThread "G1 Conc#0" [stack: 0x00000020fa900000,0x00000020faa00000] [id=5624]
  0x0000019755778670 ConcurrentGCThread "G1 Conc#1" [stack: 0x00000020fd100000,0x00000020fd200000] [id=7448]
  0x0000019778a87200 ConcurrentGCThread "G1 Refine#0" [stack: 0x00000020faa00000,0x00000020fab00000] [id=15136]
  0x000001975585cc60 ConcurrentGCThread "G1 Refine#1" [stack: 0x00000020fcb00000,0x00000020fcc00000] [id=336]
  0x0000019755777430 ConcurrentGCThread "G1 Refine#2" [stack: 0x00000020fcc00000,0x00000020fcd00000] [id=10848]
  0x0000019778a8a600 ConcurrentGCThread "G1 Service" [stack: 0x00000020fab00000,0x00000020fac00000] [id=20484]

Threads with active compile tasks:
C2 CompilerThread0    13364 4150   !   4       jdk.internal.loader.URLClassPath$JarLoader::getResource (65 bytes)
C1 CompilerThread0    13364 4201   !   3       java.lang.Class::getResource (92 bytes)
C2 CompilerThread1    13364 4148   !   4       jdk.internal.loader.URLClassPath$JarLoader::ensureOpen (36 bytes)
C2 CompilerThread2    13364 4055       4       jdk.internal.org.objectweb.asm.Frame::execute (2305 bytes)

VM state: not at safepoint (normal execution)

VM Mutex/Monitor currently owned by a thread: None

Heap address: 0x0000000084a00000, size: 1974 MB, Compressed Oops mode: 32-bit

CDS archive(s) mapped at: [0x000001970f000000-0x000001970fc00000-0x000001970fc00000), size 12582912, SharedBaseAddress: 0x000001970f000000, ArchiveRelocationMode: 1.
Compressed class space mapped at: 0x0000019710000000-0x0000019750000000, reserved size: 1073741824
Narrow klass base: 0x000001970f000000, Narrow klass shift: 0, Narrow klass range: 0x100000000

GC Precious Log:
 CPUs: 8 total, 8 available
 Memory: 7894M
 Large Page Support: Disabled
 NUMA Support: Disabled
 Compressed Oops: Enabled (32-bit)
 Heap Region Size: 1M
 Heap Min Capacity: 8M
 Heap Initial Capacity: 124M
 Heap Max Capacity: 1974M
 Pre-touch: Disabled
 Parallel Workers: 8
 Concurrent Workers: 2
 Concurrent Refinement Workers: 8
 Periodic GC: Disabled

Heap:
 garbage-first heap   total 81920K, used 47193K [0x0000000084a00000, 0x0000000100000000)
  region size 1024K, 25 young (25600K), 8 survivors (8192K)
 Metaspace       used 26695K, committed 26944K, reserved 1114112K
  class space    used 3537K, committed 3648K, reserved 1048576K

Heap Regions: E=young(eden), S=young(survivor), O=old, HS=humongous(starts), HC=humongous(continues), CS=collection set, F=free, OA=open archive, CA=closed archive, TAMS=top-at-mark-start (previous, next)
|   0|0x0000000084a00000, 0x0000000084b00000, 0x0000000084b00000|100%|HS|  |TAMS 0x0000000084b00000, 0x0000000084a00000| Complete 
|   1|0x0000000084b00000, 0x0000000084c00000, 0x0000000084c00000|100%|HS|  |TAMS 0x0000000084c00000, 0x0000000084b00000| Complete 
|   2|0x0000000084c00000, 0x0000000084d00000, 0x0000000084d00000|100%| O|  |TAMS 0x0000000084c00000, 0x0000000084c00000| Untracked 
|   3|0x0000000084d00000, 0x0000000084e00000, 0x0000000084e00000|100%| O|  |TAMS 0x0000000084d00000, 0x0000000084d00000| Untracked 
|   4|0x0000000084e00000, 0x0000000084f00000, 0x0000000084f00000|100%| O|  |TAMS 0x0000000084e00000, 0x0000000084e00000| Untracked 
|   5|0x0000000084f00000, 0x0000000085000000, 0x0000000085000000|100%| O|  |TAMS 0x0000000084f00000, 0x0000000084f00000| Untracked 
|   6|0x0000000085000000, 0x0000000085100000, 0x0000000085100000|100%| O|  |TAMS 0x0000000085100000, 0x0000000085000000| Untracked 
|   7|0x0000000085100000, 0x0000000085200000, 0x0000000085200000|100%| O|  |TAMS 0x0000000085100000, 0x0000000085100000| Untracked 
|   8|0x0000000085200000, 0x0000000085300000, 0x0000000085300000|100%| O|  |TAMS 0x0000000085200000, 0x0000000085200000| Untracked 
|   9|0x0000000085300000, 0x0000000085400000, 0x0000000085400000|100%| O|  |TAMS 0x0000000085400000, 0x0000000085300000| Untracked 
|  10|0x0000000085400000, 0x0000000085500000, 0x0000000085500000|100%| O|  |TAMS 0x0000000085500000, 0x0000000085400000| Untracked 
|  11|0x0000000085500000, 0x0000000085600000, 0x0000000085600000|100%| O|  |TAMS 0x0000000085600000, 0x0000000085500000| Untracked 
|  12|0x0000000085600000, 0x0000000085700000, 0x0000000085700000|100%| O|  |TAMS 0x0000000085700000, 0x0000000085600000| Untracked 
|  13|0x0000000085700000, 0x0000000085800000, 0x0000000085800000|100%| O|  |TAMS 0x0000000085800000, 0x0000000085700000| Untracked 
|  14|0x0000000085800000, 0x0000000085900000, 0x0000000085900000|100%| O|  |TAMS 0x0000000085900000, 0x0000000085800000| Untracked 
|  15|0x0000000085900000, 0x0000000085a00000, 0x0000000085a00000|100%| O|  |TAMS 0x0000000085964800, 0x0000000085900000| Untracked 
|  16|0x0000000085a00000, 0x0000000085b00000, 0x0000000085b00000|100%| O|  |TAMS 0x0000000085a00000, 0x0000000085a00000| Untracked 
|  17|0x0000000085b00000, 0x0000000085c00000, 0x0000000085c00000|100%| O|  |TAMS 0x0000000085b00000, 0x0000000085b00000| Untracked 
|  18|0x0000000085c00000, 0x0000000085d00000, 0x0000000085d00000|100%| O|  |TAMS 0x0000000085c00000, 0x0000000085c00000| Untracked 
|  19|0x0000000085d00000, 0x0000000085d73000, 0x0000000085e00000| 44%| O|  |TAMS 0x0000000085d00000, 0x0000000085d00000| Untracked 
|  20|0x0000000085e00000, 0x0000000085f00000, 0x0000000085f00000|100%|HS|  |TAMS 0x0000000085e00000, 0x0000000085e00000| Complete 
|  21|0x0000000085f00000, 0x0000000086000000, 0x0000000086000000|100%|HC|  |TAMS 0x0000000085f00000, 0x0000000085f00000| Complete 
|  22|0x0000000086000000, 0x0000000086100000, 0x0000000086100000|100%|HS|  |TAMS 0x0000000086000000, 0x0000000086000000| Complete 
|  23|0x0000000086100000, 0x0000000086100000, 0x0000000086200000|  0%| F|  |TAMS 0x0000000086100000, 0x0000000086100000| Untracked 
|  24|0x0000000086200000, 0x0000000086200000, 0x0000000086300000|  0%| F|  |TAMS 0x0000000086200000, 0x0000000086200000| Untracked 
|  25|0x0000000086300000, 0x0000000086300000, 0x0000000086400000|  0%| F|  |TAMS 0x0000000086300000, 0x0000000086300000| Untracked 
|  26|0x0000000086400000, 0x0000000086400000, 0x0000000086500000|  0%| F|  |TAMS 0x0000000086400000, 0x0000000086400000| Untracked 
|  27|0x0000000086500000, 0x00000000865a35b0, 0x0000000086600000| 63%| S|CS|TAMS 0x0000000086500000, 0x0000000086500000| Complete 
|  28|0x0000000086600000, 0x0000000086700000, 0x0000000086700000|100%| S|CS|TAMS 0x0000000086600000, 0x0000000086600000| Complete 
|  29|0x0000000086700000, 0x0000000086800000, 0x0000000086800000|100%| S|CS|TAMS 0x0000000086700000, 0x0000000086700000| Complete 
|  30|0x0000000086800000, 0x0000000086900000, 0x0000000086900000|100%| S|CS|TAMS 0x0000000086800000, 0x0000000086800000| Complete 
|  31|0x0000000086900000, 0x0000000086a00000, 0x0000000086a00000|100%| S|CS|TAMS 0x0000000086900000, 0x0000000086900000| Complete 
|  32|0x0000000086a00000, 0x0000000086b00000, 0x0000000086b00000|100%| S|CS|TAMS 0x0000000086a00000, 0x0000000086a00000| Complete 
|  33|0x0000000086b00000, 0x0000000086c00000, 0x0000000086c00000|100%| S|CS|TAMS 0x0000000086b00000, 0x0000000086b00000| Complete 
|  34|0x0000000086c00000, 0x0000000086d00000, 0x0000000086d00000|100%| S|CS|TAMS 0x0000000086c00000, 0x0000000086c00000| Complete 
|  35|0x0000000086d00000, 0x0000000086d00000, 0x0000000086e00000|  0%| F|  |TAMS 0x0000000086d00000, 0x0000000086d00000| Untracked 
|  36|0x0000000086e00000, 0x0000000086e00000, 0x0000000086f00000|  0%| F|  |TAMS 0x0000000086e00000, 0x0000000086e00000| Untracked 
|  37|0x0000000086f00000, 0x0000000086f00000, 0x0000000087000000|  0%| F|  |TAMS 0x0000000086f00000, 0x0000000086f00000| Untracked 
|  38|0x0000000087000000, 0x0000000087000000, 0x0000000087100000|  0%| F|  |TAMS 0x0000000087000000, 0x0000000087000000| Untracked 
|  39|0x0000000087100000, 0x0000000087100000, 0x0000000087200000|  0%| F|  |TAMS 0x0000000087100000, 0x0000000087100000| Untracked 
|  40|0x0000000087200000, 0x0000000087200000, 0x0000000087300000|  0%| F|  |TAMS 0x0000000087200000, 0x0000000087200000| Untracked 
|  41|0x0000000087300000, 0x0000000087300000, 0x0000000087400000|  0%| F|  |TAMS 0x0000000087300000, 0x0000000087300000| Untracked 
|  42|0x0000000087400000, 0x0000000087400000, 0x0000000087500000|  0%| F|  |TAMS 0x0000000087400000, 0x0000000087400000| Untracked 
|  43|0x0000000087500000, 0x0000000087500000, 0x0000000087600000|  0%| F|  |TAMS 0x0000000087500000, 0x0000000087500000| Untracked 
|  44|0x0000000087600000, 0x0000000087600000, 0x0000000087700000|  0%| F|  |TAMS 0x0000000087600000, 0x0000000087600000| Untracked 
|  45|0x0000000087700000, 0x0000000087700000, 0x0000000087800000|  0%| F|  |TAMS 0x0000000087700000, 0x0000000087700000| Untracked 
|  46|0x0000000087800000, 0x0000000087800000, 0x0000000087900000|  0%| F|  |TAMS 0x0000000087800000, 0x0000000087800000| Untracked 
|  47|0x0000000087900000, 0x0000000087900000, 0x0000000087a00000|  0%| F|  |TAMS 0x0000000087900000, 0x0000000087900000| Untracked 
|  48|0x0000000087a00000, 0x0000000087a00000, 0x0000000087b00000|  0%| F|  |TAMS 0x0000000087a00000, 0x0000000087a00000| Untracked 
|  49|0x0000000087b00000, 0x0000000087b00000, 0x0000000087c00000|  0%| F|  |TAMS 0x0000000087b00000, 0x0000000087b00000| Untracked 
|  50|0x0000000087c00000, 0x0000000087c00000, 0x0000000087d00000|  0%| F|  |TAMS 0x0000000087c00000, 0x0000000087c00000| Untracked 
|  51|0x0000000087d00000, 0x0000000087d00000, 0x0000000087e00000|  0%| F|  |TAMS 0x0000000087d00000, 0x0000000087d00000| Untracked 
|  52|0x0000000087e00000, 0x0000000087e00000, 0x0000000087f00000|  0%| F|  |TAMS 0x0000000087e00000, 0x0000000087e00000| Untracked 
|  53|0x0000000087f00000, 0x0000000087f00000, 0x0000000088000000|  0%| F|  |TAMS 0x0000000087f00000, 0x0000000087f00000| Untracked 
|  54|0x0000000088000000, 0x0000000088000000, 0x0000000088100000|  0%| F|  |TAMS 0x0000000088000000, 0x0000000088000000| Untracked 
|  55|0x0000000088100000, 0x0000000088100000, 0x0000000088200000|  0%| F|  |TAMS 0x0000000088100000, 0x0000000088100000| Untracked 
|  56|0x0000000088200000, 0x0000000088200000, 0x0000000088300000|  0%| F|  |TAMS 0x0000000088200000, 0x0000000088200000| Untracked 
|  57|0x0000000088300000, 0x0000000088300000, 0x0000000088400000|  0%| F|  |TAMS 0x0000000088300000, 0x0000000088300000| Untracked 
|  58|0x0000000088400000, 0x0000000088400000, 0x0000000088500000|  0%| F|  |TAMS 0x0000000088400000, 0x0000000088400000| Untracked 
|  59|0x0000000088500000, 0x0000000088500000, 0x0000000088600000|  0%| F|  |TAMS 0x0000000088500000, 0x0000000088500000| Untracked 
|  60|0x0000000088600000, 0x0000000088600000, 0x0000000088700000|  0%| F|  |TAMS 0x0000000088600000, 0x0000000088600000| Untracked 
|  61|0x0000000088700000, 0x0000000088700000, 0x0000000088800000|  0%| F|  |TAMS 0x0000000088700000, 0x0000000088700000| Untracked 
|  62|0x0000000088800000, 0x0000000088800000, 0x0000000088900000|  0%| F|  |TAMS 0x0000000088800000, 0x0000000088800000| Untracked 
|  63|0x0000000088900000, 0x0000000088952a38, 0x0000000088a00000| 32%| E|  |TAMS 0x0000000088900000, 0x0000000088900000| Complete 
|  64|0x0000000088a00000, 0x0000000088b00000, 0x0000000088b00000|100%| E|CS|TAMS 0x0000000088a00000, 0x0000000088a00000| Complete 
|  65|0x0000000088b00000, 0x0000000088c00000, 0x0000000088c00000|100%| E|CS|TAMS 0x0000000088b00000, 0x0000000088b00000| Complete 
|  66|0x0000000088c00000, 0x0000000088d00000, 0x0000000088d00000|100%| E|CS|TAMS 0x0000000088c00000, 0x0000000088c00000| Complete 
|  67|0x0000000088d00000, 0x0000000088e00000, 0x0000000088e00000|100%| E|CS|TAMS 0x0000000088d00000, 0x0000000088d00000| Complete 
|  68|0x0000000088e00000, 0x0000000088f00000, 0x0000000088f00000|100%| E|CS|TAMS 0x0000000088e00000, 0x0000000088e00000| Complete 
|  69|0x0000000088f00000, 0x0000000089000000, 0x0000000089000000|100%| E|CS|TAMS 0x0000000088f00000, 0x0000000088f00000| Complete 
|  70|0x0000000089000000, 0x0000000089100000, 0x0000000089100000|100%| E|CS|TAMS 0x0000000089000000, 0x0000000089000000| Complete 
|  71|0x0000000089100000, 0x0000000089200000, 0x0000000089200000|100%| E|CS|TAMS 0x0000000089100000, 0x0000000089100000| Complete 
|  72|0x0000000089200000, 0x0000000089300000, 0x0000000089300000|100%| E|CS|TAMS 0x0000000089200000, 0x0000000089200000| Complete 
|  73|0x0000000089300000, 0x0000000089400000, 0x0000000089400000|100%| E|CS|TAMS 0x0000000089300000, 0x0000000089300000| Complete 
|  74|0x0000000089400000, 0x0000000089500000, 0x0000000089500000|100%| E|CS|TAMS 0x0000000089400000, 0x0000000089400000| Complete 
|  75|0x0000000089500000, 0x0000000089600000, 0x0000000089600000|100%| E|CS|TAMS 0x0000000089500000, 0x0000000089500000| Complete 
|  96|0x000000008aa00000, 0x000000008ab00000, 0x000000008ab00000|100%| E|CS|TAMS 0x000000008aa00000, 0x000000008aa00000| Complete 
|  97|0x000000008ab00000, 0x000000008ac00000, 0x000000008ac00000|100%| E|CS|TAMS 0x000000008ab00000, 0x000000008ab00000| Complete 
|  98|0x000000008ac00000, 0x000000008ad00000, 0x000000008ad00000|100%| E|CS|TAMS 0x000000008ac00000, 0x000000008ac00000| Complete 
| 123|0x000000008c500000, 0x000000008c600000, 0x000000008c600000|100%| E|CS|TAMS 0x000000008c500000, 0x000000008c500000| Complete 

Card table byte_map: [0x0000019774450000,0x0000019774830000] _byte_map_base: 0x000001977402b000

Marking Bits (Prev, Next): (CMBitMap*) 0x00000197705de340, (CMBitMap*) 0x00000197705de300
 Prev Bits: [0x0000019776af0000, 0x00000197789c8000)
 Next Bits: [0x0000019774c10000, 0x0000019776ae8000)

Polling page: 0x000001976e490000

Metaspace:

Usage:
  Non-class:     22.62 MB used.
      Class:      3.45 MB used.
       Both:     26.07 MB used.

Virtual space:
  Non-class space:       64.00 MB reserved,      22.75 MB ( 36%) committed,  1 nodes.
      Class space:        1.00 GB reserved,       3.56 MB ( <1%) committed,  1 nodes.
             Both:        1.06 GB reserved,      26.31 MB (  2%) committed. 

Chunk freelists:
   Non-Class:  8.78 MB
       Class:  12.32 MB
        Both:  21.10 MB

MaxMetaspaceSize: unlimited
CompressedClassSpaceSize: 1.00 GB
Initial GC threshold: 21.00 MB
Current GC threshold: 35.12 MB
CDS: on
MetaspaceReclaimPolicy: balanced
 - commit_granule_bytes: 65536.
 - commit_granule_words: 8192.
 - virtual_space_node_default_size: 8388608.
 - enlarge_chunks_in_place: 1.
 - new_chunks_are_fully_committed: 0.
 - uncommit_free_chunks: 1.
 - use_allocation_guard: 0.
 - handle_deallocations: 1.


Internal statistics:

num_allocs_failed_limit: 3.
num_arena_births: 268.
num_arena_deaths: 0.
num_vsnodes_births: 2.
num_vsnodes_deaths: 0.
num_space_committed: 421.
num_space_uncommitted: 0.
num_chunks_returned_to_freelist: 3.
num_chunks_taken_from_freelist: 1008.
num_chunk_merges: 3.
num_chunk_splits: 700.
num_chunks_enlarged: 532.
num_inconsistent_stats: 0.

CodeHeap 'non-profiled nmethods': size=120000Kb used=2166Kb max_used=2166Kb free=117833Kb
 bounds [0x0000019707ad0000, 0x0000019707d40000, 0x000001970f000000]
CodeHeap 'profiled nmethods': size=120000Kb used=8780Kb max_used=8780Kb free=111219Kb
 bounds [0x0000019700000000, 0x00000197008a0000, 0x0000019707530000]
CodeHeap 'non-nmethods': size=5760Kb used=1552Kb max_used=1578Kb free=4207Kb
 bounds [0x0000019707530000, 0x00000197077a0000, 0x0000019707ad0000]
 total_blobs=5109 nmethods=4182 adapters=839
 compilation: enabled
              stopped_count=0, restarted_count=0
 full_count=0

Compilation events (20 events):
Event: 9.955 Thread 0x0000019778ba67d0 4177       3       sun.nio.fs.WindowsFileAttributeViews$Basic::<init> (15 bytes)
Event: 9.955 Thread 0x0000019778ba67d0 nmethod 4177 0x0000019700885a10 code [0x0000019700885bc0, 0x0000019700885df8]
Event: 9.955 Thread 0x0000019778ba67d0 4178       3       sun.nio.fs.AbstractBasicFileAttributeView::<init> (5 bytes)
Event: 9.955 Thread 0x0000019778ba67d0 nmethod 4178 0x0000019700885f10 code [0x00000197008860a0, 0x00000197008861f8]
Event: 9.964 Thread 0x0000019778ba67d0 4179       3       jdk.internal.util.jar.JarIndex::get (49 bytes)
Event: 9.964 Thread 0x0000019778ba67d0 nmethod 4179 0x0000019700886290 code [0x00000197008864c0, 0x0000019700886da8]
Event: 9.964 Thread 0x0000019778ba67d0 4180   !   3       jdk.internal.loader.URLClassPath$JarLoader::getResource (354 bytes)
Event: 9.967 Thread 0x0000019778ba67d0 nmethod 4180 0x0000019700887090 code [0x0000019700887520, 0x0000019700889558]
Event: 9.967 Thread 0x0000019778ba67d0 4181       3       jdk.internal.loader.URLClassPath$1::<init> (30 bytes)
Event: 9.967 Thread 0x0000019778ba67d0 nmethod 4181 0x000001970088a710 code [0x000001970088a8c0, 0x000001970088ab18]
Event: 9.967 Thread 0x0000019778ba67d0 4182       3       jdk.internal.loader.URLClassPath::findResources (11 bytes)
Event: 9.967 Thread 0x0000019778ba67d0 nmethod 4182 0x000001970088ac10 code [0x000001970088adc0, 0x000001970088b0b8]
Event: 9.979 Thread 0x0000019778ba67d0 4183       3       java.util.concurrent.ConcurrentHashMap$BaseIterator::<init> (21 bytes)
Event: 9.979 Thread 0x0000019778ba67d0 nmethod 4183 0x000001970088b210 code [0x000001970088b3c0, 0x000001970088b598]
Event: 9.979 Thread 0x0000019778ba67d0 4184       3       java.util.concurrent.ConcurrentHashMap$Traverser::<init> (36 bytes)
Event: 9.980 Thread 0x0000019778ba67d0 nmethod 4184 0x000001970088b690 code [0x000001970088b820, 0x000001970088ba18]
Event: 9.990 Thread 0x0000019778ba67d0 4186       3       jdk.internal.loader.URLClassPath$1::hasMoreElements (5 bytes)
Event: 9.990 Thread 0x0000019778ba67d0 nmethod 4186 0x000001970088bb10 code [0x000001970088bca0, 0x000001970088bde8]
Event: 9.998 Thread 0x0000019778ba67d0 4188       3       java.lang.System::getProperty (26 bytes)
Event: 9.998 Thread 0x0000019778ba67d0 nmethod 4188 0x000001970088be90 code [0x000001970088c0c0, 0x000001970088c8d8]

GC Heap History (10 events):
Event: 0.984 GC heap before
{Heap before GC invocations=0 (full 0):
 garbage-first heap   total 126976K, used 28672K [0x0000000084a00000, 0x0000000100000000)
  region size 1024K, 23 young (23552K), 0 survivors (0K)
 Metaspace       used 965K, committed 1152K, reserved 1114112K
  class space    used 73K, committed 192K, reserved 1048576K
}
Event: 0.988 GC heap after
{Heap after GC invocations=1 (full 0):
 garbage-first heap   total 126976K, used 6496K [0x0000000084a00000, 0x0000000100000000)
  region size 1024K, 3 young (3072K), 3 survivors (3072K)
 Metaspace       used 965K, committed 1152K, reserved 1114112K
  class space    used 73K, committed 192K, reserved 1048576K
}
Event: 1.247 GC heap before
{Heap before GC invocations=1 (full 0):
 garbage-first heap   total 126976K, used 48480K [0x0000000084a00000, 0x0000000100000000)
  region size 1024K, 36 young (36864K), 3 survivors (3072K)
 Metaspace       used 3302K, committed 3520K, reserved 1114112K
  class space    used 335K, committed 448K, reserved 1048576K
}
Event: 1.250 GC heap after
{Heap after GC invocations=2 (full 0):
 garbage-first heap   total 126976K, used 2477K [0x0000000084a00000, 0x0000000100000000)
  region size 1024K, 2 young (2048K), 2 survivors (2048K)
 Metaspace       used 3302K, committed 3520K, reserved 1114112K
  class space    used 335K, committed 448K, reserved 1048576K
}
Event: 4.949 GC heap before
{Heap before GC invocations=2 (full 0):
 garbage-first heap   total 126976K, used 83373K [0x0000000084a00000, 0x0000000100000000)
  region size 1024K, 74 young (75776K), 2 survivors (2048K)
 Metaspace       used 12700K, committed 12928K, reserved 1114112K
  class space    used 1479K, committed 1600K, reserved 1048576K
}
Event: 4.956 GC heap after
{Heap after GC invocations=3 (full 0):
 garbage-first heap   total 126976K, used 18834K [0x0000000084a00000, 0x0000000100000000)
  region size 1024K, 10 young (10240K), 10 survivors (10240K)
 Metaspace       used 12700K, committed 12928K, reserved 1114112K
  class space    used 1479K, committed 1600K, reserved 1048576K
}
Event: 5.489 GC heap before
{Heap before GC invocations=3 (full 0):
 garbage-first heap   total 126976K, used 43410K [0x0000000084a00000, 0x0000000100000000)
  region size 1024K, 35 young (35840K), 10 survivors (10240K)
 Metaspace       used 21276K, committed 21504K, reserved 1114112K
  class space    used 2766K, committed 2880K, reserved 1048576K
}
Event: 5.494 GC heap after
{Heap after GC invocations=4 (full 0):
 garbage-first heap   total 126976K, used 22902K [0x0000000084a00000, 0x0000000100000000)
  region size 1024K, 3 young (3072K), 3 survivors (3072K)
 Metaspace       used 21276K, committed 21504K, reserved 1114112K
  class space    used 2766K, committed 2880K, reserved 1048576K
}
Event: 9.982 GC heap before
{Heap before GC invocations=5 (full 0):
 garbage-first heap   total 81920K, used 66934K [0x0000000084a00000, 0x0000000100000000)
  region size 1024K, 45 young (46080K), 3 survivors (3072K)
 Metaspace       used 26686K, committed 26944K, reserved 1114112K
  class space    used 3537K, committed 3648K, reserved 1048576K
}
Event: 9.988 GC heap after
{Heap after GC invocations=6 (full 0):
 garbage-first heap   total 81920K, used 30809K [0x0000000084a00000, 0x0000000100000000)
  region size 1024K, 8 young (8192K), 8 survivors (8192K)
 Metaspace       used 26686K, committed 26944K, reserved 1114112K
  class space    used 3537K, committed 3648K, reserved 1048576K
}

Dll operation events (4 events):
Event: 0.010 Loaded shared library C:\Users\sella\.jdks\jbr-17.0.14\bin\java.dll
Event: 0.027 Loaded shared library C:\Users\sella\.jdks\jbr-17.0.14\bin\jsvml.dll
Event: 1.596 Loaded shared library C:\Users\sella\.jdks\jbr-17.0.14\bin\zip.dll
Event: 4.910 Loaded shared library C:\Users\sella\.jdks\jbr-17.0.14\bin\verify.dll

Deoptimization events (20 events):
Event: 9.849 Thread 0x0000019755480bd0 Uncommon trap: trap_request=0xffffff45 fr.pc=0x0000019707b90b74 relative=0x00000000000003d4
Event: 9.849 Thread 0x0000019755480bd0 Uncommon trap: reason=unstable_if action=reinterpret pc=0x0000019707b90b74 method=java.lang.AbstractStringBuilder.isLatin1()Z @ 10 c2
Event: 9.849 Thread 0x0000019755480bd0 DEOPT PACKING pc=0x0000019707b90b74 sp=0x00000020fc0faaa0
Event: 9.849 Thread 0x0000019755480bd0 DEOPT UNPACKING pc=0x000001970758a1a3 sp=0x00000020fc0faa30 mode 2
Event: 9.849 Thread 0x0000019755480bd0 Uncommon trap: trap_request=0xffffff45 fr.pc=0x0000019707c05ecc relative=0x000000000000012c
Event: 9.849 Thread 0x0000019755480bd0 Uncommon trap: reason=unstable_if action=reinterpret pc=0x0000019707c05ecc method=java.lang.StringConcatHelper.prepend(J[BLjava/lang/String;)J @ 13 c2
Event: 9.849 Thread 0x0000019755480bd0 DEOPT PACKING pc=0x0000019707c05ecc sp=0x00000020fc0fb930
Event: 9.849 Thread 0x0000019755480bd0 DEOPT UNPACKING pc=0x000001970758a1a3 sp=0x00000020fc0fb8e0 mode 2
Event: 9.849 Thread 0x0000019755480bd0 Uncommon trap: trap_request=0xffffff45 fr.pc=0x0000019707c32a7c relative=0x00000000000000fc
Event: 9.849 Thread 0x0000019755480bd0 Uncommon trap: reason=unstable_if action=reinterpret pc=0x0000019707c32a7c method=java.lang.String.getBytes([BIB)V @ 5 c2
Event: 9.849 Thread 0x0000019755480bd0 DEOPT PACKING pc=0x0000019707c32a7c sp=0x00000020fc0fb890
Event: 9.849 Thread 0x0000019755480bd0 DEOPT UNPACKING pc=0x000001970758a1a3 sp=0x00000020fc0fb858 mode 2
Event: 9.849 Thread 0x0000019755480bd0 Uncommon trap: trap_request=0xffffff45 fr.pc=0x0000019707c3dccc relative=0x00000000000000ac
Event: 9.849 Thread 0x0000019755480bd0 Uncommon trap: reason=unstable_if action=reinterpret pc=0x0000019707c3dccc method=java.lang.StringConcatHelper.newString([BJ)Ljava/lang/String; @ 3 c2
Event: 9.849 Thread 0x0000019755480bd0 DEOPT PACKING pc=0x0000019707c3dccc sp=0x00000020fc0fb960
Event: 9.849 Thread 0x0000019755480bd0 DEOPT UNPACKING pc=0x000001970758a1a3 sp=0x00000020fc0fb8e8 mode 2
Event: 9.855 Thread 0x0000019755480bd0 Uncommon trap: trap_request=0xffffff45 fr.pc=0x0000019707beabfc relative=0x0000000000000f1c
Event: 9.855 Thread 0x0000019755480bd0 Uncommon trap: reason=unstable_if action=reinterpret pc=0x0000019707beabfc method=jdk.internal.org.objectweb.asm.SymbolTable.put(Ljdk/internal/org/objectweb/asm/SymbolTable$Entry;)Ljdk/internal/org/objectweb/asm/SymbolTable$Entry; @ 13 c2
Event: 9.855 Thread 0x0000019755480bd0 DEOPT PACKING pc=0x0000019707beabfc sp=0x00000020fc0f9a80
Event: 9.855 Thread 0x0000019755480bd0 DEOPT UNPACKING pc=0x000001970758a1a3 sp=0x00000020fc0f99c8 mode 2

Classes loaded (20 events):
Event: 9.844 Loading class java/util/prefs/WindowsPreferencesFactory
Event: 9.844 Loading class java/util/prefs/WindowsPreferencesFactory done
Event: 9.844 Loading class java/util/prefs/WindowsPreferences
Event: 9.844 Loading class java/util/prefs/AbstractPreferences
Event: 9.844 Loading class java/util/prefs/AbstractPreferences done
Event: 9.844 Loading class java/util/prefs/WindowsPreferences done
Event: 9.848 Loading class java/util/prefs/PreferenceChangeListener
Event: 9.848 Loading class java/util/prefs/PreferenceChangeListener done
Event: 9.848 Loading class java/util/prefs/NodeChangeListener
Event: 9.848 Loading class java/util/prefs/NodeChangeListener done
Event: 9.848 Loading class java/util/prefs/AbstractPreferences$1
Event: 9.848 Loading class java/util/prefs/AbstractPreferences$1 done
Event: 9.851 Loading class java/nio/file/FileAlreadyExistsException
Event: 9.851 Loading class java/nio/file/FileAlreadyExistsException done
Event: 9.852 Loading class java/nio/file/FileVisitor
Event: 9.852 Loading class java/nio/file/FileVisitor done
Event: 9.871 Loading class java/util/ArrayList$ListItr
Event: 9.871 Loading class java/util/ArrayList$ListItr done
Event: 9.897 Loading class sun/nio/fs/WindowsLinkSupport
Event: 9.897 Loading class sun/nio/fs/WindowsLinkSupport done

Classes unloaded (0 events):
No events

Classes redefined (0 events):
No events

Internal exceptions (20 events):
Event: 9.961 Thread 0x0000019755480bd0 Exception <a 'sun/nio/fs/WindowsException'{0x0000000086f9c9a0}> (0x0000000086f9c9a0) 
thrown [s\src\hotspot\share\prims\jni.cpp, line 531]
Event: 9.962 Thread 0x0000019755480bd0 Exception <a 'sun/nio/fs/WindowsException'{0x0000000086fa3570}> (0x0000000086fa3570) 
thrown [s\src\hotspot\share\prims\jni.cpp, line 531]
Event: 9.962 Thread 0x0000019755480bd0 Exception <a 'sun/nio/fs/WindowsException'{0x0000000086fa9b88}> (0x0000000086fa9b88) 
thrown [s\src\hotspot\share\prims\jni.cpp, line 531]
Event: 9.963 Thread 0x0000019755480bd0 Exception <a 'sun/nio/fs/WindowsException'{0x0000000086fafc58}> (0x0000000086fafc58) 
thrown [s\src\hotspot\share\prims\jni.cpp, line 531]
Event: 9.963 Thread 0x0000019755480bd0 Exception <a 'sun/nio/fs/WindowsException'{0x0000000086fb5748}> (0x0000000086fb5748) 
thrown [s\src\hotspot\share\prims\jni.cpp, line 531]
Event: 9.969 Thread 0x0000019755480bd0 Exception <a 'sun/nio/fs/WindowsException'{0x0000000086e87428}> (0x0000000086e87428) 
thrown [s\src\hotspot\share\prims\jni.cpp, line 531]
Event: 9.969 Thread 0x0000019755480bd0 Exception <a 'sun/nio/fs/WindowsException'{0x0000000086e8dfc8}> (0x0000000086e8dfc8) 
thrown [s\src\hotspot\share\prims\jni.cpp, line 531]
Event: 9.970 Thread 0x0000019755480bd0 Exception <a 'sun/nio/fs/WindowsException'{0x0000000086e945d8}> (0x0000000086e945d8) 
thrown [s\src\hotspot\share\prims\jni.cpp, line 531]
Event: 9.970 Thread 0x0000019755480bd0 Exception <a 'sun/nio/fs/WindowsException'{0x0000000086e9a610}> (0x0000000086e9a610) 
thrown [s\src\hotspot\share\prims\jni.cpp, line 531]
Event: 9.971 Thread 0x0000019755480bd0 Exception <a 'sun/nio/fs/WindowsException'{0x0000000086e9fcc0}> (0x0000000086e9fcc0) 
thrown [s\src\hotspot\share\prims\jni.cpp, line 531]
Event: 9.977 Thread 0x0000019755480bd0 Exception <a 'sun/nio/fs/WindowsException'{0x0000000086d851c8}> (0x0000000086d851c8) 
thrown [s\src\hotspot\share\prims\jni.cpp, line 531]
Event: 9.978 Thread 0x0000019755480bd0 Exception <a 'sun/nio/fs/WindowsException'{0x0000000086d8bd70}> (0x0000000086d8bd70) 
thrown [s\src\hotspot\share\prims\jni.cpp, line 531]
Event: 9.979 Thread 0x0000019755480bd0 Exception <a 'sun/nio/fs/WindowsException'{0x0000000086d92380}> (0x0000000086d92380) 
thrown [s\src\hotspot\share\prims\jni.cpp, line 531]
Event: 9.980 Thread 0x0000019755480bd0 Exception <a 'sun/nio/fs/WindowsException'{0x0000000086d984b8}> (0x0000000086d984b8) 
thrown [s\src\hotspot\share\prims\jni.cpp, line 531]
Event: 9.980 Thread 0x0000019755480bd0 Exception <a 'sun/nio/fs/WindowsException'{0x0000000086d9dfa8}> (0x0000000086d9dfa8) 
thrown [s\src\hotspot\share\prims\jni.cpp, line 531]
Event: 9.994 Thread 0x0000019755480bd0 Exception <a 'sun/nio/fs/WindowsException'{0x000000008c59bf80}> (0x000000008c59bf80) 
thrown [s\src\hotspot\share\prims\jni.cpp, line 531]
Event: 9.995 Thread 0x0000019755480bd0 Exception <a 'sun/nio/fs/WindowsException'{0x000000008c5a2670}> (0x000000008c5a2670) 
thrown [s\src\hotspot\share\prims\jni.cpp, line 531]
Event: 9.995 Thread 0x0000019755480bd0 Exception <a 'sun/nio/fs/WindowsException'{0x000000008c5a87b0}> (0x000000008c5a87b0) 
thrown [s\src\hotspot\share\prims\jni.cpp, line 531]
Event: 9.995 Thread 0x0000019755480bd0 Exception <a 'sun/nio/fs/WindowsException'{0x000000008c5ae3b0}> (0x000000008c5ae3b0) 
thrown [s\src\hotspot\share\prims\jni.cpp, line 531]
Event: 9.996 Thread 0x0000019755480bd0 Exception <a 'sun/nio/fs/WindowsException'{0x000000008c5b3c78}> (0x000000008c5b3c78) 
thrown [s\src\hotspot\share\prims\jni.cpp, line 531]

VM Operations (20 events):
Event: 5.759 Executing VM operation: HandshakeAllThreads
Event: 5.759 Executing VM operation: HandshakeAllThreads done
Event: 6.759 Executing VM operation: Cleanup
Event: 6.759 Executing VM operation: Cleanup done
Event: 7.760 Executing VM operation: Cleanup
Event: 7.760 Executing VM operation: Cleanup done
Event: 9.762 Executing VM operation: Cleanup
Event: 9.762 Executing VM operation: Cleanup done
Event: 9.800 Executing VM operation: HandshakeAllThreads
Event: 9.800 Executing VM operation: HandshakeAllThreads done
Event: 9.818 Executing VM operation: HandshakeAllThreads
Event: 9.818 Executing VM operation: HandshakeAllThreads done
Event: 9.819 Executing VM operation: HandshakeAllThreads
Event: 9.819 Executing VM operation: HandshakeAllThreads done
Event: 9.819 Executing VM operation: HandshakeAllThreads
Event: 9.819 Executing VM operation: HandshakeAllThreads done
Event: 9.872 Executing VM operation: HandshakeAllThreads
Event: 9.872 Executing VM operation: HandshakeAllThreads done
Event: 9.982 Executing VM operation: G1CollectForAllocation
Event: 9.988 Executing VM operation: G1CollectForAllocation done

Memory protections (0 events):
No events

Nmethod flushes (0 events):
No events

Events (20 events):
Event: 5.963 Thread 0x0000019778ba8260 Thread exited: 0x0000019778ba8260
Event: 6.101 Thread 0x0000019778ba8d00 Thread exited: 0x0000019778ba8d00
Event: 6.496 Thread 0x0000019778ba67d0 Thread added: 0x0000019778ba7d10
Event: 6.567 Thread 0x00000197546749b0 Thread added: 0x00000197556fe970
Event: 8.665 Thread 0x0000019778ba7d10 Thread exited: 0x0000019778ba7d10
Event: 9.777 Thread 0x0000019778ba67d0 Thread added: 0x000001975bc37020
Event: 9.848 Loaded shared library C:\Users\sella\.jdks\jbr-17.0.14\bin\prefs.dll
Event: 9.862 Thread 0x0000019778ba67d0 Thread added: 0x000001975bc35590
Event: 9.904 Loaded shared library C:\Users\sella\.jdks\jbr-17.0.14\bin\api-ms-win-crt-locale-l1-1-0.dll
Event: 9.910 Loaded shared library C:\Users\sella\.jdks\jbr-17.0.14\bin\api-ms-win-crt-string-l1-1-0.dll
Event: 9.916 Loaded shared library C:\Users\sella\.jdks\jbr-17.0.14\bin\api-ms-win-crt-stdio-l1-1-0.dll
Event: 9.922 Loaded shared library C:\Users\sella\.jdks\jbr-17.0.14\bin\api-ms-win-crt-math-l1-1-0.dll
Event: 9.928 Loaded shared library C:\Users\sella\.jdks\jbr-17.0.14\bin\api-ms-win-crt-heap-l1-1-0.dll
Event: 9.936 Loaded shared library C:\Users\sella\.jdks\jbr-17.0.14\bin\api-ms-win-crt-runtime-l1-1-0.dll
Event: 9.945 Loaded shared library C:\Users\sella\.jdks\jbr-17.0.14\bin\api-ms-win-crt-convert-l1-1-0.dll
Event: 9.952 Loaded shared library C:\Users\sella\.jdks\jbr-17.0.14\bin\api-ms-win-crt-environment-l1-1-0.dll
Event: 9.960 Loaded shared library C:\Users\sella\.jdks\jbr-17.0.14\bin\api-ms-win-crt-time-l1-1-0.dll
Event: 9.968 Loaded shared library C:\Users\sella\.jdks\jbr-17.0.14\bin\api-ms-win-crt-filesystem-l1-1-0.dll
Event: 9.976 Loaded shared library C:\Users\sella\.jdks\jbr-17.0.14\bin\api-ms-win-crt-utility-l1-1-0.dll
Event: 9.993 Loaded shared library C:\Users\sella\.jdks\jbr-17.0.14\bin\api-ms-win-crt-multibyte-l1-1-0.dll


Dynamic libraries:
0x00007ff6564a0000 - 0x00007ff6564aa000 	C:\Users\sella\.jdks\jbr-17.0.14\bin\java.exe
0x00007ffa16320000 - 0x00007ffa16587000 	C:\WINDOWS\SYSTEM32\ntdll.dll
0x00007ffa14820000 - 0x00007ffa148e9000 	C:\WINDOWS\System32\KERNEL32.DLL
0x00007ffa139e0000 - 0x00007ffa13dd4000 	C:\WINDOWS\System32\KERNELBASE.dll
0x00007ffa12cb0000 - 0x00007ffa12dfb000 	C:\WINDOWS\System32\ucrtbase.dll
0x00007ff9509b0000 - 0x00007ff9509c7000 	C:\Users\sella\.jdks\jbr-17.0.14\bin\jli.dll
0x00007ff9509d0000 - 0x00007ff9509eb000 	C:\Users\sella\.jdks\jbr-17.0.14\bin\VCRUNTIME140.dll
0x00007ffa148f0000 - 0x00007ffa14ab5000 	C:\WINDOWS\System32\USER32.dll
0x00007ffa12bf0000 - 0x00007ffa12c17000 	C:\WINDOWS\System32\win32u.dll
0x00007ff9fcc70000 - 0x00007ff9fcf03000 	C:\WINDOWS\WinSxS\amd64_microsoft.windows.common-controls_6595b64144ccf1df_6.0.26100.8115_none_3e075c82e3354f9c\COMCTL32.dll
0x00007ffa15a90000 - 0x00007ffa15abb000 	C:\WINDOWS\System32\GDI32.dll
0x00007ffa14770000 - 0x00007ffa14819000 	C:\WINDOWS\System32\msvcrt.dll
0x00007ffa138b0000 - 0x00007ffa139db000 	C:\WINDOWS\System32\gdi32full.dll
0x00007ffa14000000 - 0x00007ffa140a3000 	C:\WINDOWS\System32\msvcp_win.dll
0x00007ffa15890000 - 0x00007ffa158c2000 	C:\WINDOWS\System32\IMM32.DLL
0x00007ff99b740000 - 0x00007ff99b74c000 	C:\Users\sella\.jdks\jbr-17.0.14\bin\vcruntime140_1.dll
0x00007ff950920000 - 0x00007ff9509ad000 	C:\Users\sella\.jdks\jbr-17.0.14\bin\msvcp140.dll
0x00007ff94fc90000 - 0x00007ff95091e000 	C:\Users\sella\.jdks\jbr-17.0.14\bin\server\jvm.dll
0x00007ffa152e0000 - 0x00007ffa15396000 	C:\WINDOWS\System32\ADVAPI32.dll
0x00007ffa158d0000 - 0x00007ffa15977000 	C:\WINDOWS\System32\sechost.dll
0x00007ffa151c0000 - 0x00007ffa152d8000 	C:\WINDOWS\System32\RPCRT4.dll
0x00007ffa141e0000 - 0x00007ffa14260000 	C:\WINDOWS\System32\WS2_32.dll
0x00007ffa12a50000 - 0x00007ffa12aae000 	C:\WINDOWS\SYSTEM32\POWRPROF.dll
0x00007ffa0a380000 - 0x00007ffa0a38b000 	C:\WINDOWS\SYSTEM32\VERSION.dll
0x00007ff9fdb90000 - 0x00007ff9fdbc6000 	C:\WINDOWS\SYSTEM32\WINMM.dll
0x00007ffa12a30000 - 0x00007ffa12a44000 	C:\WINDOWS\SYSTEM32\UMPDC.dll
0x00007ffa11980000 - 0x00007ffa1199b000 	C:\WINDOWS\SYSTEM32\kernel.appcore.dll
0x00007ff998760000 - 0x00007ff99876a000 	C:\Users\sella\.jdks\jbr-17.0.14\bin\jimage.dll
0x00007ffa103b0000 - 0x00007ffa105f2000 	C:\WINDOWS\SYSTEM32\DBGHELP.DLL
0x00007ffa14dc0000 - 0x00007ffa15142000 	C:\WINDOWS\System32\combase.dll
0x00007ffa14b20000 - 0x00007ffa14bf8000 	C:\WINDOWS\System32\OLEAUT32.dll
0x00007ff9f6af0000 - 0x00007ff9f6b2b000 	C:\WINDOWS\SYSTEM32\dbgcore.DLL
0x00007ffa13de0000 - 0x00007ffa13e85000 	C:\WINDOWS\System32\bcryptPrimitives.dll
0x00007ffa0fe60000 - 0x00007ffa0fe6e000 	C:\Users\sella\.jdks\jbr-17.0.14\bin\instrument.dll
0x00007ff99b8a0000 - 0x00007ff99b8c5000 	C:\Users\sella\.jdks\jbr-17.0.14\bin\java.dll
0x00007ff99b7c0000 - 0x00007ff99b897000 	C:\Users\sella\.jdks\jbr-17.0.14\bin\jsvml.dll
0x00007ffa15b40000 - 0x00007ffa162a7000 	C:\WINDOWS\System32\SHELL32.dll
0x00007ffa13e90000 - 0x00007ffa13ffa000 	C:\WINDOWS\System32\wintypes.dll
0x00007ffa12e00000 - 0x00007ffa13668000 	C:\WINDOWS\System32\windows.storage.dll
0x00007ffa15990000 - 0x00007ffa15a88000 	C:\WINDOWS\System32\SHCORE.dll
0x00007ffa15150000 - 0x00007ffa151b6000 	C:\WINDOWS\System32\shlwapi.dll
0x00007ffa12b10000 - 0x00007ffa12b39000 	C:\WINDOWS\SYSTEM32\profapi.dll
0x00007ff99b790000 - 0x00007ff99b7a8000 	C:\Users\sella\.jdks\jbr-17.0.14\bin\zip.dll
0x00007ff99b770000 - 0x00007ff99b789000 	C:\Users\sella\.jdks\jbr-17.0.14\bin\net.dll
0x00007ffa03680000 - 0x00007ffa037ad000 	C:\WINDOWS\SYSTEM32\WINHTTP.dll
0x00007ffa11ef0000 - 0x00007ffa11f5c000 	C:\WINDOWS\system32\mswsock.dll
0x00007ff99b750000 - 0x00007ff99b766000 	C:\Users\sella\.jdks\jbr-17.0.14\bin\nio.dll
0x00007ff9ff820000 - 0x00007ff9ff83a000 	C:\Program Files\JetBrains\IntelliJ IDEA Community Edition 2023.1.2\bin\breakgen64.dll
0x0000019755930000 - 0x0000019755933000 	C:\Users\sella\.openjfx\cache\17.0.6\api-ms-win-core-console-l1-1-0.dll
0x0000019755940000 - 0x0000019755943000 	C:\Users\sella\.openjfx\cache\17.0.6\api-ms-win-core-console-l1-2-0.dll
0x0000019755950000 - 0x0000019755953000 	C:\Users\sella\.openjfx\cache\17.0.6\api-ms-win-core-datetime-l1-1-0.dll
0x0000019755960000 - 0x0000019755963000 	C:\Users\sella\.openjfx\cache\17.0.6\api-ms-win-core-debug-l1-1-0.dll
0x0000019755970000 - 0x0000019755973000 	C:\Users\sella\.openjfx\cache\17.0.6\api-ms-win-core-errorhandling-l1-1-0.dll
0x0000019755980000 - 0x0000019755984000 	C:\Users\sella\.openjfx\cache\17.0.6\api-ms-win-core-file-l1-1-0.dll
0x0000019755990000 - 0x0000019755993000 	C:\Users\sella\.openjfx\cache\17.0.6\api-ms-win-core-file-l1-2-0.dll
0x00000197559a0000 - 0x00000197559a3000 	C:\Users\sella\.openjfx\cache\17.0.6\api-ms-win-core-file-l2-1-0.dll
0x00000197559b0000 - 0x00000197559b3000 	C:\Users\sella\.openjfx\cache\17.0.6\api-ms-win-core-handle-l1-1-0.dll
0x00000197559c0000 - 0x00000197559c3000 	C:\Users\sella\.openjfx\cache\17.0.6\api-ms-win-core-heap-l1-1-0.dll
0x00000197559d0000 - 0x00000197559d3000 	C:\Users\sella\.openjfx\cache\17.0.6\api-ms-win-core-interlocked-l1-1-0.dll
0x00000197559e0000 - 0x00000197559e3000 	C:\Users\sella\.openjfx\cache\17.0.6\api-ms-win-core-libraryloader-l1-1-0.dll
0x00000197559f0000 - 0x00000197559f3000 	C:\Users\sella\.openjfx\cache\17.0.6\api-ms-win-core-localization-l1-2-0.dll
0x0000019755a00000 - 0x0000019755a03000 	C:\Users\sella\.openjfx\cache\17.0.6\api-ms-win-core-memory-l1-1-0.dll
0x0000019755a10000 - 0x0000019755a13000 	C:\Users\sella\.openjfx\cache\17.0.6\api-ms-win-core-namedpipe-l1-1-0.dll
0x0000019755a20000 - 0x0000019755a23000 	C:\Users\sella\.openjfx\cache\17.0.6\api-ms-win-core-processenvironment-l1-1-0.dll
0x0000019755a30000 - 0x0000019755a33000 	C:\Users\sella\.openjfx\cache\17.0.6\api-ms-win-core-processthreads-l1-1-0.dll
0x0000019755a40000 - 0x0000019755a43000 	C:\Users\sella\.openjfx\cache\17.0.6\api-ms-win-core-processthreads-l1-1-1.dll
0x0000019755a50000 - 0x0000019755a53000 	C:\Users\sella\.openjfx\cache\17.0.6\api-ms-win-core-profile-l1-1-0.dll
0x0000019755a60000 - 0x0000019755a63000 	C:\Users\sella\.openjfx\cache\17.0.6\api-ms-win-core-rtlsupport-l1-1-0.dll
0x0000019755a70000 - 0x0000019755a73000 	C:\Users\sella\.openjfx\cache\17.0.6\api-ms-win-core-string-l1-1-0.dll
0x0000019755a80000 - 0x0000019755a83000 	C:\Users\sella\.openjfx\cache\17.0.6\api-ms-win-core-synch-l1-1-0.dll
0x0000019755a90000 - 0x0000019755a93000 	C:\Users\sella\.openjfx\cache\17.0.6\api-ms-win-core-synch-l1-2-0.dll
0x0000019755aa0000 - 0x0000019755aa3000 	C:\Users\sella\.openjfx\cache\17.0.6\api-ms-win-core-sysinfo-l1-1-0.dll
0x0000019755ab0000 - 0x0000019755ab3000 	C:\Users\sella\.openjfx\cache\17.0.6\api-ms-win-core-timezone-l1-1-0.dll
0x0000019755ac0000 - 0x0000019755ac3000 	C:\Users\sella\.openjfx\cache\17.0.6\api-ms-win-core-util-l1-1-0.dll
0x0000019755ad0000 - 0x0000019755ad3000 	C:\Users\sella\.openjfx\cache\17.0.6\api-ms-win-crt-conio-l1-1-0.dll
0x0000019755ae0000 - 0x0000019755ae4000 	C:\Users\sella\.openjfx\cache\17.0.6\api-ms-win-crt-convert-l1-1-0.dll
0x0000019755af0000 - 0x0000019755af3000 	C:\Users\sella\.openjfx\cache\17.0.6\api-ms-win-crt-environment-l1-1-0.dll
0x0000019755b00000 - 0x0000019755b03000 	C:\Users\sella\.openjfx\cache\17.0.6\api-ms-win-crt-filesystem-l1-1-0.dll
0x0000019755b10000 - 0x0000019755b13000 	C:\Users\sella\.openjfx\cache\17.0.6\api-ms-win-crt-heap-l1-1-0.dll
0x0000019755b20000 - 0x0000019755b23000 	C:\Users\sella\.openjfx\cache\17.0.6\api-ms-win-crt-locale-l1-1-0.dll
0x0000019755b30000 - 0x0000019755b35000 	C:\Users\sella\.openjfx\cache\17.0.6\api-ms-win-crt-math-l1-1-0.dll
0x0000019755b40000 - 0x0000019755b45000 	C:\Users\sella\.openjfx\cache\17.0.6\api-ms-win-crt-multibyte-l1-1-0.dll
0x0000019755b50000 - 0x0000019755b60000 	C:\Users\sella\.openjfx\cache\17.0.6\api-ms-win-crt-private-l1-1-0.dll
0x0000019755b60000 - 0x0000019755b63000 	C:\Users\sella\.openjfx\cache\17.0.6\api-ms-win-crt-process-l1-1-0.dll
0x0000019755b70000 - 0x0000019755b74000 	C:\Users\sella\.openjfx\cache\17.0.6\api-ms-win-crt-runtime-l1-1-0.dll
0x0000019755b80000 - 0x0000019755b84000 	C:\Users\sella\.openjfx\cache\17.0.6\api-ms-win-crt-stdio-l1-1-0.dll
0x0000019755b90000 - 0x0000019755b94000 	C:\Users\sella\.openjfx\cache\17.0.6\api-ms-win-crt-string-l1-1-0.dll
0x0000019755ba0000 - 0x0000019755ba3000 	C:\Users\sella\.openjfx\cache\17.0.6\api-ms-win-crt-time-l1-1-0.dll
0x0000019755bb0000 - 0x0000019755bb3000 	C:\Users\sella\.openjfx\cache\17.0.6\api-ms-win-crt-utility-l1-1-0.dll
0x00007ff9ff350000 - 0x00007ff9ff44c000 	C:\Users\sella\.openjfx\cache\17.0.6\ucrtbase.dll
0x00007ff9ff800000 - 0x00007ff9ff81a000 	C:\Users\sella\.openjfx\cache\17.0.6\vcruntime140.dll
0x00007ffa0db60000 - 0x00007ffa0db6c000 	C:\Users\sella\.openjfx\cache\17.0.6\vcruntime140_1.dll
0x00007ff9ff2c0000 - 0x00007ff9ff34d000 	C:\Users\sella\.openjfx\cache\17.0.6\msvcp140.dll
0x00007ff9ff620000 - 0x00007ff9ff629000 	C:\Users\sella\.openjfx\cache\17.0.6\msvcp140_1.dll
0x00007ff9ff290000 - 0x00007ff9ff2bf000 	C:\Users\sella\.openjfx\cache\17.0.6\msvcp140_2.dll
0x00007ff9ff260000 - 0x00007ff9ff28a000 	C:\Users\sella\.openjfx\cache\17.0.6\prism_d3d.dll
0x00007ff9d57f0000 - 0x00007ff9d59a2000 	C:\WINDOWS\system32\d3d9.dll
0x00007ffa10980000 - 0x00007ffa109af000 	C:\WINDOWS\SYSTEM32\dwmapi.dll
0x00007ffa10630000 - 0x00007ffa10673000 	C:\WINDOWS\SYSTEM32\dxcore.dll
0x00007ffa10300000 - 0x00007ffa103a9000 	C:\WINDOWS\system32\uxtheme.dll
0x00007ff9d54e0000 - 0x00007ff9d5645000 	C:\WINDOWS\System32\DriverStore\FileRepository\iigd_dch.inf_amd64_ebc0281fc6e2a5a7\igdumdim64.dll
0x00007ffa143e0000 - 0x00007ffa14577000 	C:\WINDOWS\System32\ole32.dll
0x00007ff9d1880000 - 0x00007ff9d54d6000 	C:\WINDOWS\System32\DriverStore\FileRepository\iigd_dch.inf_amd64_ebc0281fc6e2a5a7\igd9dxva64.dll
0x00007ffa153f0000 - 0x00007ffa15877000 	C:\WINDOWS\System32\SETUPAPI.dll
0x00007ffa12760000 - 0x00007ffa127b1000 	C:\WINDOWS\SYSTEM32\cfgmgr32.dll
0x00007ffa0a470000 - 0x00007ffa0a831000 	C:\WINDOWS\System32\DriverStore\FileRepository\iigd_dch.inf_amd64_ebc0281fc6e2a5a7\igdgmm64.dll
0x00007ffa0d880000 - 0x00007ffa0d8e1000 	C:\WINDOWS\SYSTEM32\directxdatabasehelper.dll
0x00007ff9ff210000 - 0x00007ff9ff252000 	C:\Users\sella\.openjfx\cache\17.0.6\glass.dll
0x00007ffa14c00000 - 0x00007ffa14cef000 	C:\WINDOWS\System32\COMDLG32.dll
0x00007ff98e760000 - 0x00007ff98e893000 	C:\ProgramData\A-Volute\A-Volute.Nahimic\Modules\Scheduled\x64\AudioDevProps2.dll
0x00007ffa14280000 - 0x00007ffa143dc000 	C:\WINDOWS\System32\MSCTF.dll
0x00007ff9e58c0000 - 0x00007ff9e58e7000 	C:\WINDOWS\System32\DriverStore\FileRepository\iigd_dch.inf_amd64_ebc0281fc6e2a5a7\igdinfo64.dll
0x00007ffa070c0000 - 0x00007ffa0a2c6000 	C:\WINDOWS\System32\DriverStore\FileRepository\iigd_dch.inf_amd64_ebc0281fc6e2a5a7\igc64.dll
0x00007ff9f8d90000 - 0x00007ff9f8da0000 	C:\Users\sella\.jdks\jbr-17.0.14\bin\verify.dll
0x00007ffa121d0000 - 0x00007ffa121eb000 	C:\WINDOWS\SYSTEM32\CRYPTSP.dll
0x00007ffa118e0000 - 0x00007ffa11919000 	C:\WINDOWS\system32\rsaenh.dll
0x00007ffa11fa0000 - 0x00007ffa11fd3000 	C:\WINDOWS\SYSTEM32\USERENV.dll
0x00007ffa12ae0000 - 0x00007ffa12b0a000 	C:\WINDOWS\SYSTEM32\bcrypt.dll
0x00007ffa121f0000 - 0x00007ffa121fc000 	C:\WINDOWS\SYSTEM32\CRYPTBASE.dll
0x00007ffa11430000 - 0x00007ffa11462000 	C:\WINDOWS\SYSTEM32\IPHLPAPI.DLL
0x00007ffa15980000 - 0x00007ffa1598a000 	C:\WINDOWS\System32\NSI.dll
0x00007ffa0c660000 - 0x00007ffa0c67d000 	C:\WINDOWS\SYSTEM32\dhcpcsvc6.DLL
0x00007ffa0c610000 - 0x00007ffa0c635000 	C:\WINDOWS\SYSTEM32\dhcpcsvc.DLL
0x00007ffa11470000 - 0x00007ffa115a2000 	C:\WINDOWS\SYSTEM32\DNSAPI.dll
0x00007ffa0db70000 - 0x00007ffa0db7e000 	C:\Users\sella\.jdks\jbr-17.0.14\bin\sunmscapi.dll
0x00007ffa13670000 - 0x00007ffa137e7000 	C:\WINDOWS\System32\CRYPT32.dll
0x00007ffa123f0000 - 0x00007ffa12420000 	C:\WINDOWS\SYSTEM32\ncrypt.dll
0x00007ffa123a0000 - 0x00007ffa123df000 	C:\WINDOWS\SYSTEM32\NTASN1.dll

dbghelp: loaded successfully - version: 4.0.5 - missing functions: none
symbol engine: initialized successfully - sym options: 0x614 - pdb path: .;C:\Users\sella\.jdks\jbr-17.0.14\bin;C:\WINDOWS\SYSTEM32;C:\WINDOWS\WinSxS\amd64_microsoft.windows.common-controls_6595b64144ccf1df_6.0.26100.8115_none_3e075c82e3354f9c;C:\Users\sella\.jdks\jbr-17.0.14\bin\server;C:\Program Files\JetBrains\IntelliJ IDEA Community Edition 2023.1.2\bin;C:\Users\sella\.openjfx\cache\17.0.6;C:\WINDOWS\System32\DriverStore\FileRepository\iigd_dch.inf_amd64_ebc0281fc6e2a5a7;C:\ProgramData\A-Volute\A-Volute.Nahimic\Modules\Scheduled\x64;C:\Program Files\Common Files\Microsoft Shared\Ink;C:\Program Files\Java\jdk-17\bin

VM Arguments:
jvm_args: -javaagent:C:\Program Files\JetBrains\IntelliJ IDEA Community Edition 2023.1.2\lib\idea_rt.jar=53514:C:\Program Files\JetBrains\IntelliJ IDEA Community Edition 2023.1.2\bin -Dfile.encoding=UTF-8 --module-path=C:\Users\sella\.m2\repository\org\openjfx\javafx-web\17.0.6\javafx-web-17.0.6-win.jar;C:\Users\sella\.m2\repository\org\bytedeco\javacpp\1.5.10\javacpp-1.5.10.jar;C:\Users\sella\.m2\repository\com\itextpdf\kernel\7.2.5\kernel-7.2.5.jar;C:\Users\sella\.m2\repository\org\bytedeco\openblas\0.3.26-1.5.10\openblas-0.3.26-1.5.10.jar;C:\Users\sella\.m2\repository\org\json\json\20231013\json-20231013.jar;C:\Users\sella\.m2\repository\org\openjfx\javafx-base\17.0.6\javafx-base-17.0.6-win.jar;C:\Users\sella\.m2\repository\org\bytedeco\javacv\1.5.10\javacv-1.5.10.jar;D:\LearningJava\PiDev\target\classes;C:\Users\sella\.m2\repository\com\sun\mail\javax.mail\1.6.2\javax.mail-1.6.2.jar;C:\Users\sella\.m2\repository\org\bytedeco\ffmpeg\6.1.1-1.5.10\ffmpeg-6.1.1-1.5.10.jar;C:\Users\sella\.m2\repository\org\bytedeco\librealsense\1.12.4-1.5.9\librealsense-1.12.4-1.5.9.jar;C:\Users\sella\.m2\repository\org\openjfx\javafx-controls\17.0.6\javafx-controls-17.0.6-win.jar;C:\Users\sella\.m2\repository\com\fasterxml\jackson\core\jackson-annotations\2.14.0\jackson-annotations-2.14.0.jar;C:\Users\sella\.m2\repository\com\fasterxml\jackson\core\jackson-core\2.14.0\jackson-core-2.14.0.jar;C:\Users\sella\.m2\repository\com\itextpdf\layout\7.2.5\layout-7.2.5.jar;C:\Users\sella\.m2\repository\org\hibernate\orm\hibernate-core\6.4.4.Final\hibernate-core-6.4.4.Final.jar;C:\Users\sella\.m2\repository\org\bytedeco\flycapture\2.13.3.31-1.5.9\flycapture-2.13.3.31-1.5.9.jar;C:\Users\sella\.m2\repository\org\bytedeco\libfreenect2\0.2.0-1.5.9\libfreenect2-0.2.0-1.5.9.jar;C:\Users\sella\.m2\repository\com\alphacephei\vosk\0.3.45\vosk-0.3.45.jar;C:\Users\sella\.m2\repository\com\fasterxml\jackson\datatype\jackson-datatype-jsr310\2.14.0\jackson-datatype-jsr310-2.14.0.jar;C:\Users\sella\.m2\repository\org\openjfx\javafx-graphics\17.0.6\javafx-graphics-17.0.6-win.jar;C:\Users\sella\.m2\repository\org\bytedeco\libdc1394\2.2.6-1.5.9\libdc1394-2.2.6-1.5.9.jar;C:\Users\sella\.m2\repository\org\bytedec-Djdk.module.main=com.example.pidev 
java_command: com.example.pidev/com.example.pidev.HelloApplication
java_class_path (initial): C:\Users\sella\.m2\repository\com\itextpdf\forms\7.2.5\forms-7.2.5.jar;C:\Users\sella\.m2\repository\com\itextpdf\styled-xml-parser\7.2.5\styled-xml-parser-7.2.5.jar;C:\Users\sella\.m2\repository\com\itextpdf\svg\7.2.5\svg-7.2.5.jar;C:\Users\sella\.m2\repository\commons-codec\commons-codec\1.15\commons-codec-1.15.jar;C:\Users\sella\.m2\repository\commons-io\commons-io\2.7\commons-io-2.7.jar;C:\Users\sella\.m2\repository\io\jsonwebtoken\jjwt-api\0.11.2\jjwt-api-0.11.2.jar;C:\Users\sella\.m2\repository\io\jsonwebtoken\jjwt-jackson\0.11.2\jjwt-jackson-0.11.2.jar;C:\Users\sella\.m2\repository\io\jsonwebtoken\jjwt-impl\0.11.2\jjwt-impl-0.11.2.jar;C:\Users\sella\.m2\repository\org\apache\httpcomponents\httpclient\4.5.13\httpclient-4.5.13.jar;C:\Users\sella\.m2\repository\org\apache\httpcomponents\httpcore\4.4.13\httpcore-4.4.13.jar;C:\Users\sella\.m2\repository\org\slf4j\slf4j-api\1.7.30\slf4j-api-1.7.30.jar;C:\Users\sella\.m2\repository\jakarta\transaction\jakarta.transaction-api\2.0.1\jakarta.transaction-api-2.0.1.jar;C:\Users\sella\.m2\repository\org\jboss\logging\jboss-logging\3.5.0.Final\jboss-logging-3.5.0.Final.jar;C:\Users\sella\.m2\repository\org\hibernate\common\hibernate-commons-annotations\6.0.6.Final\hibernate-commons-annotations-6.0.6.Final.jar;C:\Users\sella\.m2\repository\io\smallrye\jandex\3.1.2\jandex-3.1.2.jar;C:\Users\sella\.m2\repository\com\fasterxml\classmate\1.5.1\classmate-1.5.1.jar;C:\Users\sella\.m2\repository\net\bytebuddy\byte-buddy\1.14.11\byte-buddy-1.14.11.jar;C:\Users\sella\.m2\repository\jakarta\xml\bind\jakarta.xml.bind-api\4.0.0\jakarta.xml.bind-api-4.0.0.jar;C:\Users\sella\.m2\repository\jakarta\activation\jakarta.activation-api\2.1.0\jakarta.activation-api-2.1.0.jar;C:\Users\sella\.m2\repository\org\glassfish\jaxb\jaxb-runtime\4.0.2\jaxb-runtime-4.0.2.jar;C:\Users\sella\.m2\repository\org\glassfish\jaxb\jaxb-core\4.0.2\jaxb-core-4.0.2.jar;C:\Users\sella\.m2\repository\org\eclipse\angus\angus-activation\2.0
Launcher Type: SUN_STANDARD

[Global flags]
     intx CICompilerCount                          = 4                                         {product} {ergonomic}
     uint ConcGCThreads                            = 2                                         {product} {ergonomic}
     uint G1ConcRefinementThreads                  = 8                                         {product} {ergonomic}
   size_t G1HeapRegionSize                         = 1048576                                   {product} {ergonomic}
    uintx GCDrainStackTargetSize                   = 64                                        {product} {ergonomic}
   size_t InitialHeapSize                          = 130023424                                 {product} {ergonomic}
   size_t MarkStackSize                            = 4194304                                   {product} {ergonomic}
   size_t MaxHeapSize                              = 2069889024                                {product} {ergonomic}
   size_t MaxNewSize                               = 1241513984                                {product} {ergonomic}
   size_t MinHeapDeltaBytes                        = 1048576                                   {product} {ergonomic}
   size_t MinHeapSize                              = 8388608                                   {product} {ergonomic}
    uintx NonNMethodCodeHeapSize                   = 5839372                                {pd product} {ergonomic}
    uintx NonProfiledCodeHeapSize                  = 122909434                              {pd product} {ergonomic}
    uintx ProfiledCodeHeapSize                     = 122909434                              {pd product} {ergonomic}
    uintx ReservedCodeCacheSize                    = 251658240                              {pd product} {ergonomic}
     bool SegmentedCodeCache                       = true                                      {product} {ergonomic}
   size_t SoftMaxHeapSize                          = 2069889024                             {manageable} {ergonomic}
     bool UseCompressedClassPointers               = true                           {product lp64_product} {ergonomic}
     bool UseCompressedOops                        = true                           {product lp64_product} {ergonomic}
     bool UseG1GC                                  = true                                      {product} {ergonomic}
     bool UseLargePagesIndividualAllocation        = false                                  {pd product} {ergonomic}

Logging:
Log output configuration:
 #0: stdout all=warning uptime,level,tags
 #1: stderr all=off uptime,level,tags

Environment Variables:
PATH=C:\oraclexe\app\oracle\product\11.2.0\server\bin;C:\xampp\php;C:\Program Files\Java\jdk-17\bin;C:\Python313\Scripts\;C:\Python313\;C:\Program Files (x86)\EasyPHP-DevServer-14.1VC11\binaries\php\php_runningversion;C:\Program Files\Common Files\Oracle\Java\javapath;C:\Program Files (x86)\Common Files\Oracle\Java\javapath;C:\WINDOWS\system32;C:\WINDOWS;C:\WINDOWS\System32\Wbem;C:\WINDOWS\System32\WindowsPowerShell\v1.0\;C:\WINDOWS\System32\OpenSSH\;C:\MinGW\bin;C:\MinGW\msys\1.0\bin;C:\Program Files\Java\jdk-20;C:\Program Files\Java\jdk-20\bin;C:\Program Files\dotnet\;C:\Program Files (x86)\IVI Foundation\VISA\WinNT\Bin\;C:\Program Files\IVI Foundation\VISA\Win64\Bin\;C:\Program Files (x86)\IVI Foundation\VISA\WinNT\Bin;C:\Program Files (x86)\IVI Foundation\IVI\Bin\;C:\Program Files\IVI Foundation\IVI\Bin\;%JAVA_HOME%\bin;C:\Program Files\Qt Designer\bin;C:\php-8.3.9;C:\Users\sella\AppData\Local\Programs\Python\Python310\Scripts;C:\Poppler\poppler-24.02.0\Library\bin;C:\Program Files\Microsoft SQL Server\150\Tools\Binn\;C:\Program Files\Microsoft SQL Server\Client SDK\ODBC\170\Tools\Binn\;C:\Program Files\nodejs\;C:\ProgramData\chocolatey\bin;C:\Program Files (x86)\Microsoft SQL Server\160\Tools\Binn\;C:\Program Files\Microsoft SQL Server\160\Tools\Binn\;C:\Program Files\Microsoft SQL Server\160\DTS\Binn\;C:\ProgramData\ComposerSetup\bin;C:\Program Files\Git\cmd;C:\Maven\apache-maven-3.9.12\bin;C:\Program Files\MySQL\MySQL Server 8.0\bin;C:\Users\sella\scoop\shims;C:\Python313\Scripts\;C:\Python313\;C:\Program Files (x86)\EasyPHP-DevServer-14.1VC11\binaries\php\php_runningversion;C:\Program Files (x86)\VMware\VMware Workstation\bin\;C:\Program Files\Common Files\Oracle\Java\javapath;C:\WINDOWS\system32;C:\WINDOWS;C:\WINDOWS\System32\Wbem;C:\WINDOWS\System32\WindowsPowerShell\v1.0\;C:\WINDOWS\System32\OpenSSH\;C:\Program Files\Polyspace\R2021a\runtime\win64;C:\Program Files\Polyspace\R2021a\bin;C:\Program Files\Polyspace\R2021a\polyspace\bin;C:\MinGW\bin;C:\MinGW\msys\1.0\bin;C:\Program Files\Java\jdk-20;C:\Program Files\Java\jdk-20\bin;C:\Program Files\dotnet\;C:\Program Files (x86)\IVI Foundation\VISA\WinNT\Bin\;C:\Program Files\IVI Foundation\VISA\Win64\Bin\;C:\Program Files (x86)\IVI Foundation\VISA\WinNT\Bin;C:\Program Files (x86)\IVI Foundation\IVI\Bin\;C:\Program Files\IVI Foundation\IVI\Bin\;%JAVA_HOME%\bin;C:\Program Files\Qt Designer\bin;C:\php-8.3.9;C:\Users\sella\AppData\Local\Programs\Python\Python310\Scripts;C:\Poppler\poppler-24.02.0\Library\bin;C:\Program Files\Microsoft SQL Server\150\Tools\Binn\;C:\Program Files\Microsoft SQL Server\Client SDK\ODBC\170\Tools\Binn\;C:\Program Files (x86)\Windows Kits\10\Windows Performance Toolkit\;C:\Program Files\nodejs\;C:\ProgramData\chocolatey\bin;C:\Program Files\Git\cmd;C:\Program Files (x86)\Microsoft SQL Server\160\Tools\Binn\;C:\Program Files\Microsoft SQL Server\160\Tools\Binn\;C:\Program Files\Microsoft SQL Server\160\DTS\Binn\;C:\Program Files (x86)\Microsoft SQL Server\160\DTS\Binn\;C:\Users\sella\AppData\Local\Programs\Eclipse Adoptium\jdk-17.0.7.7-hotspot\bin;C:\Users\sella\AppData\Local\Programs\Python\Python310\Scripts\;C:\Users\sella\AppData\Local\Programs\Python\Python310\;C:\Users\sella\AppData\Local\Microsoft\WindowsApps;C:\Program Files\JetBrains\IntelliJ IDEA Community Edition 2023.1.2\bin;C:\Users\sella\AppData\Local\Programs\Microsoft VS Code\bin;C:\Program Files\Tesseract-OCR;C:\Program Files\JetBrains\PyCharm 2024.1.4\bin;C:\Users\sella\AppData\Local\Pandoc\;C:\Users\sella\.dotnet\tools;C:\Users\sella\AppData\Roaming\npm;C:\Users\sella\AppData\Local\Microsoft\WindowsApps;C:\Users\sella\AppData\Roaming\Composer\vendor\bin;C:\Users\sella\AppData\Local\Programs\Windsurf\bin
USERNAME=sella
OS=Windows_NT
PROCESSOR_IDENTIFIER=Intel64 Family 6 Model 140 Stepping 2, GenuineIntel
TMP=C:\Users\sella\AppData\Local\Temp
TEMP=C:\Users\sella\AppData\Local\Temp



Periodic native trim disabled

JNI global refs:
JNI global refs: 36, weak refs: 0

JNI global refs memory usage: 843, weak refs: 841

Process memory usage:
Resident Set Size: 353676K (4% of 8083548K total physical memory with 689764K free physical memory)

OOME stack traces (most recent first):
Classloader memory used:
Loader jdk.internal.loader.ClassLoaders$AppClassLoader                                 : 1922K
Loader bootstrap                                                                       : 1311K
Loader jdk.internal.loader.ClassLoaders$PlatformClassLoader                            : 93162B
Loader jdk.internal.reflect.DelegatingClassLoader                                      : 12681B
Loader com.sun.javafx.reflect.MethodUtil                                               : 510B


---------------  S Y S T E M  ---------------

OS:
 Windows 11 , 64 bit Build 26100 (10.0.26100.8246)
OS uptime: 0 days 2:12 hours

CPU: total 8 (initial active 8) (4 cores per cpu, 2 threads per core) family 6 model 140 stepping 2 microcode 0x16, cx8, cmov, fxsr, ht, mmx, 3dnowpref, sse, sse2, sse3, ssse3, sse4.1, sse4.2, popcnt, lzcnt, tsc, tscinvbit, avx, avx2, aes, erms, clmul, bmi1, bmi2, adx, avx512f, avx512dq, avx512cd, avx512bw, avx512vl, sha, fma, vzeroupper, avx512_vpopcntdq, avx512_vpclmulqdq, avx512_vaes, avx512_vnni, clflush, clflushopt, clwb, avx512_vbmi2, avx512_vbmi
Processor Information for all 8 processors :
  Max Mhz: 2496, Current Mhz: 2496, Mhz Limit: 2496

Memory: 4k page, system-wide physical 7894M (673M free)
TotalPageFile size 21315M (AvailPageFile size 8M)
current process WorkingSet (physical memory assigned to process): 345M, peak: 345M
current process commit charge ("private bytes"): 371M, peak: 372M

vm_info: OpenJDK 64-Bit Server VM (17.0.14+1-b1367.22) for windows-amd64 JRE (17.0.14+1-b1367.22), built on 2025-01-30 by "builduser" with MS VC++ 16.10 / 16.11 (VS2019)

END.
